
**** Build of configuration Debug for project test ****

"C:\\ti\\ccs1281\\ccs\\utils\\bin\\gmake" -k -j 12 all -O 
 
Building file: "../source/HL_epc.c"
Invoking: Arm Compiler
"C:/ti/ccs1281/ccs/tools/compiler/ti-cgt-arm_20.2.7.LTS/bin/armcl" -mv7R5 --code_state=32 --float_support=VFPv3D16 --include_path="C:/Users/npyla/Documents/_dev/_embedded/ws_test/test" --include_path="C:/ti/ccs1281/ccs/tools/compiler/ti-cgt-arm_20.2.7.LTS/include" -g --diag_warning=225 --diag_wrap=off --display_error_number --enum_type=packed --abi=eabi --preproc_with_compile --preproc_dependency="source/HL_epc.d_raw" --obj_directory="source"  "../source/HL_epc.c"
 
>> Compilation failure
source/subdir_rules.mk:9: recipe for target 'source/HL_epc.obj' failed
"../source/HL_epc.c", line 46: fatal error #1965: cannot open source file "HL_epc.h"
1 catastrophic error detected in the compilation of "../source/HL_epc.c".
Compilation terminated.
gmake: *** [source/HL_epc.obj] Error 1
Building file: "../source/HL_errata.c"
Invoking: Arm Compiler
"C:/ti/ccs1281/ccs/tools/compiler/ti-cgt-arm_20.2.7.LTS/bin/armcl" -mv7R5 --code_state=32 --float_support=VFPv3D16 --include_path="C:/Users/npyla/Documents/_dev/_embedded/ws_test/test" --include_path="C:/ti/ccs1281/ccs/tools/compiler/ti-cgt-arm_20.2.7.LTS/include" -g --diag_warning=225 --diag_wrap=off --display_error_number --enum_type=packed --abi=eabi --preproc_with_compile --preproc_dependency="source/HL_errata.d_raw" --obj_directory="source"  "../source/HL_errata.c"
 
>> Compilation failure
source/subdir_rules.mk:9: recipe for target 'source/HL_errata.obj' failed
"../source/HL_errata.c", line 48: fatal error #1965: cannot open source file "HL_errata.h"
1 catastrophic error detected in the compilation of "../source/HL_errata.c".
Compilation terminated.
gmake: *** [source/HL_errata.obj] Error 1
Building file: "../source/HL_errata_SSWF021_45.c"
Invoking: Arm Compiler
"C:/ti/ccs1281/ccs/tools/compiler/ti-cgt-arm_20.2.7.LTS/bin/armcl" -mv7R5 --code_state=32 --float_support=VFPv3D16 --include_path="C:/Users/npyla/Documents/_dev/_embedded/ws_test/test" --include_path="C:/ti/ccs1281/ccs/tools/compiler/ti-cgt-arm_20.2.7.LTS/include" -g --diag_warning=225 --diag_wrap=off --display_error_number --enum_type=packed --abi=eabi --preproc_with_compile --preproc_dependency="source/HL_errata_SSWF021_45.d_raw" --obj_directory="source"  "../source/HL_errata_SSWF021_45.c"
 
>> Compilation failure
source/subdir_rules.mk:9: recipe for target 'source/HL_errata_SSWF021_45.obj' failed
"../source/HL_errata_SSWF021_45.c", line 41: fatal error #1965: cannot open source file "HL_errata_SSWF021_45_defs.h"
1 catastrophic error detected in the compilation of "../source/HL_errata_SSWF021_45.c".
Compilation terminated.
gmake: *** [source/HL_errata_SSWF021_45.obj] Error 1
Building file: "../source/HL_esm.c"
Invoking: Arm Compiler
"C:/ti/ccs1281/ccs/tools/compiler/ti-cgt-arm_20.2.7.LTS/bin/armcl" -mv7R5 --code_state=32 --float_support=VFPv3D16 --include_path="C:/Users/npyla/Documents/_dev/_embedded/ws_test/test" --include_path="C:/ti/ccs1281/ccs/tools/compiler/ti-cgt-arm_20.2.7.LTS/include" -g --diag_warning=225 --diag_wrap=off --display_error_number --enum_type=packed --abi=eabi --preproc_with_compile --preproc_dependency="source/HL_esm.d_raw" --obj_directory="source"  "../source/HL_esm.c"
 
>> Compilation failure
source/subdir_rules.mk:9: recipe for target 'source/HL_esm.obj' failed
"../source/HL_esm.c", line 52: fatal error #1965: cannot open source file "HL_esm.h"
1 catastrophic error detected in the compilation of "../source/HL_esm.c".
Compilation terminated.
gmake: *** [source/HL_esm.obj] Error 1
Building file: "../source/HL_gio.c"
Invoking: Arm Compiler
"C:/ti/ccs1281/ccs/tools/compiler/ti-cgt-arm_20.2.7.LTS/bin/armcl" -mv7R5 --code_state=32 --float_support=VFPv3D16 --include_path="C:/Users/npyla/Documents/_dev/_embedded/ws_test/test" --include_path="C:/ti/ccs1281/ccs/tools/compiler/ti-cgt-arm_20.2.7.LTS/include" -g --diag_warning=225 --diag_wrap=off --display_error_number --enum_type=packed --abi=eabi --preproc_with_compile --preproc_dependency="source/HL_gio.d_raw" --obj_directory="source"  "../source/HL_gio.c"
 
>> Compilation failure
source/subdir_rules.mk:9: recipe for target 'source/HL_gio.obj' failed
"../source/HL_gio.c", line 46: fatal error #1965: cannot open source file "HL_gio.h"
1 catastrophic error detected in the compilation of "../source/HL_gio.c".
Compilation terminated.
gmake: *** [source/HL_gio.obj] Error 1
Building file: "../main.c"
Invoking: Arm Compiler
"C:/ti/ccs1281/ccs/tools/compiler/ti-cgt-arm_20.2.7.LTS/bin/armcl" -mv7R5 --code_state=32 --float_support=VFPv3D16 --include_path="C:/Users/npyla/Documents/_dev/_embedded/ws_test/test" --include_path="C:/ti/ccs1281/ccs/tools/compiler/ti-cgt-arm_20.2.7.LTS/include" -g --diag_warning=225 --diag_wrap=off --display_error_number --enum_type=packed --abi=eabi --preproc_with_compile --preproc_dependency="main.d_raw"  "../main.c"
Finished building: "../main.c"
 
Building file: "../source/HL_nmpu.c"
Invoking: Arm Compiler
"C:/ti/ccs1281/ccs/tools/compiler/ti-cgt-arm_20.2.7.LTS/bin/armcl" -mv7R5 --code_state=32 --float_support=VFPv3D16 --include_path="C:/Users/npyla/Documents/_dev/_embedded/ws_test/test" --include_path="C:/ti/ccs1281/ccs/tools/compiler/ti-cgt-arm_20.2.7.LTS/include" -g --diag_warning=225 --diag_wrap=off --display_error_number --enum_type=packed --abi=eabi --preproc_with_compile --preproc_dependency="source/HL_nmpu.d_raw" --obj_directory="source"  "../source/HL_nmpu.c"
 
>> Compilation failure
source/subdir_rules.mk:9: recipe for target 'source/HL_nmpu.obj' failed
"../source/HL_nmpu.c", line 49: fatal error #1965: cannot open source file "HL_nmpu.h"
1 catastrophic error detected in the compilation of "../source/HL_nmpu.c".
Compilation terminated.
gmake: *** [source/HL_nmpu.obj] Error 1
Building file: "../source/HL_notification.c"
Invoking: Arm Compiler
"C:/ti/ccs1281/ccs/tools/compiler/ti-cgt-arm_20.2.7.LTS/bin/armcl" -mv7R5 --code_state=32 --float_support=VFPv3D16 --include_path="C:/Users/npyla/Documents/_dev/_embedded/ws_test/test" --include_path="C:/ti/ccs1281/ccs/tools/compiler/ti-cgt-arm_20.2.7.LTS/include" -g --diag_warning=225 --diag_wrap=off --display_error_number --enum_type=packed --abi=eabi --preproc_with_compile --preproc_dependency="source/HL_notification.d_raw" --obj_directory="source"  "../source/HL_notification.c"
 
>> Compilation failure
source/subdir_rules.mk:9: recipe for target 'source/HL_notification.obj' failed
"../source/HL_notification.c", line 51: fatal error #1965: cannot open source file "HL_esm.h"
1 catastrophic error detected in the compilation of "../source/HL_notification.c".
Compilation terminated.
gmake: *** [source/HL_notification.obj] Error 1
Building file: "../source/HL_pinmux.c"
Invoking: Arm Compiler
"C:/ti/ccs1281/ccs/tools/compiler/ti-cgt-arm_20.2.7.LTS/bin/armcl" -mv7R5 --code_state=32 --float_support=VFPv3D16 --include_path="C:/Users/npyla/Documents/_dev/_embedded/ws_test/test" --include_path="C:/ti/ccs1281/ccs/tools/compiler/ti-cgt-arm_20.2.7.LTS/include" -g --diag_warning=225 --diag_wrap=off --display_error_number --enum_type=packed --abi=eabi --preproc_with_compile --preproc_dependency="source/HL_pinmux.d_raw" --obj_directory="source"  "../source/HL_pinmux.c"
 
>> Compilation failure
source/subdir_rules.mk:9: recipe for target 'source/HL_pinmux.obj' failed
"../source/HL_pinmux.c", line 45: fatal error #1965: cannot open source file "HL_pinmux.h"
1 catastrophic error detected in the compilation of "../source/HL_pinmux.c".
Compilation terminated.
gmake: *** [source/HL_pinmux.obj] Error 1
Building file: "../source/HL_sys_dma.c"
Invoking: Arm Compiler
"C:/ti/ccs1281/ccs/tools/compiler/ti-cgt-arm_20.2.7.LTS/bin/armcl" -mv7R5 --code_state=32 --float_support=VFPv3D16 --include_path="C:/Users/npyla/Documents/_dev/_embedded/ws_test/test" --include_path="C:/ti/ccs1281/ccs/tools/compiler/ti-cgt-arm_20.2.7.LTS/include" -g --diag_warning=225 --diag_wrap=off --display_error_number --enum_type=packed --abi=eabi --preproc_with_compile --preproc_dependency="source/HL_sys_dma.d_raw" --obj_directory="source"  "../source/HL_sys_dma.c"
 
>> Compilation failure
source/subdir_rules.mk:9: recipe for target 'source/HL_sys_dma.obj' failed
"../source/HL_sys_dma.c", line 49: fatal error #1965: cannot open source file "HL_sys_dma.h"
1 catastrophic error detected in the compilation of "../source/HL_sys_dma.c".
Compilation terminated.
gmake: *** [source/HL_sys_dma.obj] Error 1
Building file: "../source/HL_sys_core.asm"
Invoking: Arm Compiler
"C:/ti/ccs1281/ccs/tools/compiler/ti-cgt-arm_20.2.7.LTS/bin/armcl" -mv7R5 --code_state=32 --float_support=VFPv3D16 --include_path="C:/Users/npyla/Documents/_dev/_embedded/ws_test/test" --include_path="C:/ti/ccs1281/ccs/tools/compiler/ti-cgt-arm_20.2.7.LTS/include" -g --diag_warning=225 --diag_wrap=off --display_error_number --enum_type=packed --abi=eabi --preproc_with_compile --preproc_dependency="source/HL_sys_core.d_raw" --obj_directory="source"  "../source/HL_sys_core.asm"
Finished building: "../source/HL_sys_core.asm"
 
Building file: "../source/HL_sys_intvecs.asm"
Invoking: Arm Compiler
"C:/ti/ccs1281/ccs/tools/compiler/ti-cgt-arm_20.2.7.LTS/bin/armcl" -mv7R5 --code_state=32 --float_support=VFPv3D16 --include_path="C:/Users/npyla/Documents/_dev/_embedded/ws_test/test" --include_path="C:/ti/ccs1281/ccs/tools/compiler/ti-cgt-arm_20.2.7.LTS/include" -g --diag_warning=225 --diag_wrap=off --display_error_number --enum_type=packed --abi=eabi --preproc_with_compile --preproc_dependency="source/HL_sys_intvecs.d_raw" --obj_directory="source"  "../source/HL_sys_intvecs.asm"
Finished building: "../source/HL_sys_intvecs.asm"
 
Building file: "../source/HL_sys_mpu.asm"
Invoking: Arm Compiler
"C:/ti/ccs1281/ccs/tools/compiler/ti-cgt-arm_20.2.7.LTS/bin/armcl" -mv7R5 --code_state=32 --float_support=VFPv3D16 --include_path="C:/Users/npyla/Documents/_dev/_embedded/ws_test/test" --include_path="C:/ti/ccs1281/ccs/tools/compiler/ti-cgt-arm_20.2.7.LTS/include" -g --diag_warning=225 --diag_wrap=off --display_error_number --enum_type=packed --abi=eabi --preproc_with_compile --preproc_dependency="source/HL_sys_mpu.d_raw" --obj_directory="source"  "../source/HL_sys_mpu.asm"
Finished building: "../source/HL_sys_mpu.asm"
 
Building file: "../source/HL_sys_pcr.c"
Invoking: Arm Compiler
"C:/ti/ccs1281/ccs/tools/compiler/ti-cgt-arm_20.2.7.LTS/bin/armcl" -mv7R5 --code_state=32 --float_support=VFPv3D16 --include_path="C:/Users/npyla/Documents/_dev/_embedded/ws_test/test" --include_path="C:/ti/ccs1281/ccs/tools/compiler/ti-cgt-arm_20.2.7.LTS/include" -g --diag_warning=225 --diag_wrap=off --display_error_number --enum_type=packed --abi=eabi --preproc_with_compile --preproc_dependency="source/HL_sys_pcr.d_raw" --obj_directory="source"  "../source/HL_sys_pcr.c"
 
>> Compilation failure
source/subdir_rules.mk:9: recipe for target 'source/HL_sys_pcr.obj' failed
"../source/HL_sys_pcr.c", line 48: fatal error #1965: cannot open source file "HL_sys_pcr.h"
1 catastrophic error detected in the compilation of "../source/HL_sys_pcr.c".
Compilation terminated.
gmake: *** [source/HL_sys_pcr.obj] Error 1
Building file: "../source/HL_sys_phantom.c"
Invoking: Arm Compiler
"C:/ti/ccs1281/ccs/tools/compiler/ti-cgt-arm_20.2.7.LTS/bin/armcl" -mv7R5 --code_state=32 --float_support=VFPv3D16 --include_path="C:/Users/npyla/Documents/_dev/_embedded/ws_test/test" --include_path="C:/ti/ccs1281/ccs/tools/compiler/ti-cgt-arm_20.2.7.LTS/include" -g --diag_warning=225 --diag_wrap=off --display_error_number --enum_type=packed --abi=eabi --preproc_with_compile --preproc_dependency="source/HL_sys_phantom.d_raw" --obj_directory="source"  "../source/HL_sys_phantom.c"
 
>> Compilation failure
source/subdir_rules.mk:9: recipe for target 'source/HL_sys_phantom.obj' failed
"../source/HL_sys_phantom.c", line 45: fatal error #1965: cannot open source file "HL_sys_common.h"
1 catastrophic error detected in the compilation of "../source/HL_sys_phantom.c".
Compilation terminated.
gmake: *** [source/HL_sys_phantom.obj] Error 1
Building file: "../source/HL_sys_pmm.c"
Invoking: Arm Compiler
"C:/ti/ccs1281/ccs/tools/compiler/ti-cgt-arm_20.2.7.LTS/bin/armcl" -mv7R5 --code_state=32 --float_support=VFPv3D16 --include_path="C:/Users/npyla/Documents/_dev/_embedded/ws_test/test" --include_path="C:/ti/ccs1281/ccs/tools/compiler/ti-cgt-arm_20.2.7.LTS/include" -g --diag_warning=225 --diag_wrap=off --display_error_number --enum_type=packed --abi=eabi --preproc_with_compile --preproc_dependency="source/HL_sys_pmm.d_raw" --obj_directory="source"  "../source/HL_sys_pmm.c"
 
>> Compilation failure
source/subdir_rules.mk:9: recipe for target 'source/HL_sys_pmm.obj' failed
"../source/HL_sys_pmm.c", line 42: fatal error #1965: cannot open source file "HL_sys_pmm.h"
1 catastrophic error detected in the compilation of "../source/HL_sys_pmm.c".
Compilation terminated.
gmake: *** [source/HL_sys_pmm.obj] Error 1
Building file: "../source/HL_sys_startup.c"
Invoking: Arm Compiler
"C:/ti/ccs1281/ccs/tools/compiler/ti-cgt-arm_20.2.7.LTS/bin/armcl" -mv7R5 --code_state=32 --float_support=VFPv3D16 --include_path="C:/Users/npyla/Documents/_dev/_embedded/ws_test/test" --include_path="C:/ti/ccs1281/ccs/tools/compiler/ti-cgt-arm_20.2.7.LTS/include" -g --diag_warning=225 --diag_wrap=off --display_error_number --enum_type=packed --abi=eabi --preproc_with_compile --preproc_dependency="source/HL_sys_startup.d_raw" --obj_directory="source"  "../source/HL_sys_startup.c"
 
>> Compilation failure
source/subdir_rules.mk:9: recipe for target 'source/HL_sys_startup.obj' failed
"../source/HL_sys_startup.c", line 57: fatal error #1965: cannot open source file "HL_sys_common.h"
1 catastrophic error detected in the compilation of "../source/HL_sys_startup.c".
Compilation terminated.
gmake: *** [source/HL_sys_startup.obj] Error 1
Building file: "../source/HL_sys_pmu.asm"
Invoking: Arm Compiler
"C:/ti/ccs1281/ccs/tools/compiler/ti-cgt-arm_20.2.7.LTS/bin/armcl" -mv7R5 --code_state=32 --float_support=VFPv3D16 --include_path="C:/Users/npyla/Documents/_dev/_embedded/ws_test/test" --include_path="C:/ti/ccs1281/ccs/tools/compiler/ti-cgt-arm_20.2.7.LTS/include" -g --diag_warning=225 --diag_wrap=off --display_error_number --enum_type=packed --abi=eabi --preproc_with_compile --preproc_dependency="source/HL_sys_pmu.d_raw" --obj_directory="source"  "../source/HL_sys_pmu.asm"
Finished building: "../source/HL_sys_pmu.asm"
 
Building file: "../source/HL_sys_vim.c"
Invoking: Arm Compiler
"C:/ti/ccs1281/ccs/tools/compiler/ti-cgt-arm_20.2.7.LTS/bin/armcl" -mv7R5 --code_state=32 --float_support=VFPv3D16 --include_path="C:/Users/npyla/Documents/_dev/_embedded/ws_test/test" --include_path="C:/ti/ccs1281/ccs/tools/compiler/ti-cgt-arm_20.2.7.LTS/include" -g --diag_warning=225 --diag_wrap=off --display_error_number --enum_type=packed --abi=eabi --preproc_with_compile --preproc_dependency="source/HL_sys_vim.d_raw" --obj_directory="source"  "../source/HL_sys_vim.c"
 
>> Compilation failure
source/subdir_rules.mk:9: recipe for target 'source/HL_sys_vim.obj' failed
"../source/HL_sys_vim.c", line 44: fatal error #1965: cannot open source file "HL_sys_vim.h"
1 catastrophic error detected in the compilation of "../source/HL_sys_vim.c".
Compilation terminated.
gmake: *** [source/HL_sys_vim.obj] Error 1
Building file: "../source/HL_system.c"
Invoking: Arm Compiler
"C:/ti/ccs1281/ccs/tools/compiler/ti-cgt-arm_20.2.7.LTS/bin/armcl" -mv7R5 --code_state=32 --float_support=VFPv3D16 --include_path="C:/Users/npyla/Documents/_dev/_embedded/ws_test/test" --include_path="C:/ti/ccs1281/ccs/tools/compiler/ti-cgt-arm_20.2.7.LTS/include" -g --diag_warning=225 --diag_wrap=off --display_error_number --enum_type=packed --abi=eabi --preproc_with_compile --preproc_dependency="source/HL_system.d_raw" --obj_directory="source"  "../source/HL_system.c"
 
>> Compilation failure
source/subdir_rules.mk:9: recipe for target 'source/HL_system.obj' failed
"../source/HL_system.c", line 53: fatal error #1965: cannot open source file "HL_system.h"
1 catastrophic error detected in the compilation of "../source/HL_system.c".
Compilation terminated.
gmake: *** [source/HL_system.obj] Error 1
Building file: "../source/os_croutine.c"
Invoking: Arm Compiler
"C:/ti/ccs1281/ccs/tools/compiler/ti-cgt-arm_20.2.7.LTS/bin/armcl" -mv7R5 --code_state=32 --float_support=VFPv3D16 --include_path="C:/Users/npyla/Documents/_dev/_embedded/ws_test/test" --include_path="C:/ti/ccs1281/ccs/tools/compiler/ti-cgt-arm_20.2.7.LTS/include" -g --diag_warning=225 --diag_wrap=off --display_error_number --enum_type=packed --abi=eabi --preproc_with_compile --preproc_dependency="source/os_croutine.d_raw" --obj_directory="source"  "../source/os_croutine.c"
 
>> Compilation failure
source/subdir_rules.mk:9: recipe for target 'source/os_croutine.obj' failed
"../source/os_croutine.c", line 70: fatal error #1965: cannot open source file "FreeRTOS.h"
1 catastrophic error detected in the compilation of "../source/os_croutine.c".
Compilation terminated.
gmake: *** [source/os_croutine.obj] Error 1
Building file: "../source/os_event_groups.c"
Invoking: Arm Compiler
"C:/ti/ccs1281/ccs/tools/compiler/ti-cgt-arm_20.2.7.LTS/bin/armcl" -mv7R5 --code_state=32 --float_support=VFPv3D16 --include_path="C:/Users/npyla/Documents/_dev/_embedded/ws_test/test" --include_path="C:/ti/ccs1281/ccs/tools/compiler/ti-cgt-arm_20.2.7.LTS/include" -g --diag_warning=225 --diag_wrap=off --display_error_number --enum_type=packed --abi=eabi --preproc_with_compile --preproc_dependency="source/os_event_groups.d_raw" --obj_directory="source"  "../source/os_event_groups.c"
 
>> Compilation failure
source/subdir_rules.mk:9: recipe for target 'source/os_event_groups.obj' failed
"../source/os_event_groups.c", line 79: fatal error #1965: cannot open source file "FreeRTOS.h"
1 catastrophic error detected in the compilation of "../source/os_event_groups.c".
Compilation terminated.
gmake: *** [source/os_event_groups.obj] Error 1
Building file: "../source/os_heap.c"
Invoking: Arm Compiler
"C:/ti/ccs1281/ccs/tools/compiler/ti-cgt-arm_20.2.7.LTS/bin/armcl" -mv7R5 --code_state=32 --float_support=VFPv3D16 --include_path="C:/Users/npyla/Documents/_dev/_embedded/ws_test/test" --include_path="C:/ti/ccs1281/ccs/tools/compiler/ti-cgt-arm_20.2.7.LTS/include" -g --diag_warning=225 --diag_wrap=off --display_error_number --enum_type=packed --abi=eabi --preproc_with_compile --preproc_dependency="source/os_heap.d_raw" --obj_directory="source"  "../source/os_heap.c"
 
>> Compilation failure
source/subdir_rules.mk:9: recipe for target 'source/os_heap.obj' failed
"../source/os_heap.c", line 81: fatal error #1965: cannot open source file "FreeRTOS.h"
1 catastrophic error detected in the compilation of "../source/os_heap.c".
Compilation terminated.
gmake: *** [source/os_heap.obj] Error 1
Building file: "../source/os_list.c"
Invoking: Arm Compiler
"C:/ti/ccs1281/ccs/tools/compiler/ti-cgt-arm_20.2.7.LTS/bin/armcl" -mv7R5 --code_state=32 --float_support=VFPv3D16 --include_path="C:/Users/npyla/Documents/_dev/_embedded/ws_test/test" --include_path="C:/ti/ccs1281/ccs/tools/compiler/ti-cgt-arm_20.2.7.LTS/include" -g --diag_warning=225 --diag_wrap=off --display_error_number --enum_type=packed --abi=eabi --preproc_with_compile --preproc_dependency="source/os_list.d_raw" --obj_directory="source"  "../source/os_list.c"
 
>> Compilation failure
source/subdir_rules.mk:9: recipe for target 'source/os_list.obj' failed
"../source/os_list.c", line 72: fatal error #1965: cannot open source file "FreeRTOS.h"
1 catastrophic error detected in the compilation of "../source/os_list.c".
Compilation terminated.
gmake: *** [source/os_list.obj] Error 1
Building file: "../source/os_mpu_wrappers.c"
Invoking: Arm Compiler
"C:/ti/ccs1281/ccs/tools/compiler/ti-cgt-arm_20.2.7.LTS/bin/armcl" -mv7R5 --code_state=32 --float_support=VFPv3D16 --include_path="C:/Users/npyla/Documents/_dev/_embedded/ws_test/test" --include_path="C:/ti/ccs1281/ccs/tools/compiler/ti-cgt-arm_20.2.7.LTS/include" -g --diag_warning=225 --diag_wrap=off --display_error_number --enum_type=packed --abi=eabi --preproc_with_compile --preproc_dependency="source/os_mpu_wrappers.d_raw" --obj_directory="source"  "../source/os_mpu_wrappers.c"
 
>> Compilation failure
source/subdir_rules.mk:9: recipe for target 'source/os_mpu_wrappers.obj' failed
"../source/os_mpu_wrappers.c", line 75: fatal error #1965: cannot open source file "FreeRTOS.h"
1 catastrophic error detected in the compilation of "../source/os_mpu_wrappers.c".
Compilation terminated.
gmake: *** [source/os_mpu_wrappers.obj] Error 1
Building file: "../source/os_port.c"
Invoking: Arm Compiler
"C:/ti/ccs1281/ccs/tools/compiler/ti-cgt-arm_20.2.7.LTS/bin/armcl" -mv7R5 --code_state=32 --float_support=VFPv3D16 --include_path="C:/Users/npyla/Documents/_dev/_embedded/ws_test/test" --include_path="C:/ti/ccs1281/ccs/tools/compiler/ti-cgt-arm_20.2.7.LTS/include" -g --diag_warning=225 --diag_wrap=off --display_error_number --enum_type=packed --abi=eabi --preproc_with_compile --preproc_dependency="source/os_port.d_raw" --obj_directory="source"  "../source/os_port.c"
 
>> Compilation failure
source/subdir_rules.mk:9: recipe for target 'source/os_port.obj' failed
"../source/os_port.c", line 75: fatal error #1965: cannot open source file "FreeRTOS.h"
1 catastrophic error detected in the compilation of "../source/os_port.c".
Compilation terminated.
gmake: *** [source/os_port.obj] Error 1
Building file: "../source/os_queue.c"
Invoking: Arm Compiler
"C:/ti/ccs1281/ccs/tools/compiler/ti-cgt-arm_20.2.7.LTS/bin/armcl" -mv7R5 --code_state=32 --float_support=VFPv3D16 --include_path="C:/Users/npyla/Documents/_dev/_embedded/ws_test/test" --include_path="C:/ti/ccs1281/ccs/tools/compiler/ti-cgt-arm_20.2.7.LTS/include" -g --diag_warning=225 --diag_wrap=off --display_error_number --enum_type=packed --abi=eabi --preproc_with_compile --preproc_dependency="source/os_queue.d_raw" --obj_directory="source"  "../source/os_queue.c"
 
>> Compilation failure
source/subdir_rules.mk:9: recipe for target 'source/os_queue.obj' failed
"../source/os_queue.c", line 78: fatal error #1965: cannot open source file "FreeRTOS.h"
1 catastrophic error detected in the compilation of "../source/os_queue.c".
Compilation terminated.
gmake: *** [source/os_queue.obj] Error 1
Building file: "../source/os_portasm.asm"
Invoking: Arm Compiler
"C:/ti/ccs1281/ccs/tools/compiler/ti-cgt-arm_20.2.7.LTS/bin/armcl" -mv7R5 --code_state=32 --float_support=VFPv3D16 --include_path="C:/Users/npyla/Documents/_dev/_embedded/ws_test/test" --include_path="C:/ti/ccs1281/ccs/tools/compiler/ti-cgt-arm_20.2.7.LTS/include" -g --diag_warning=225 --diag_wrap=off --display_error_number --enum_type=packed --abi=eabi --preproc_with_compile --preproc_dependency="source/os_portasm.d_raw" --obj_directory="source"  "../source/os_portasm.asm"
Finished building: "../source/os_portasm.asm"
 
Building file: "../source/os_tasks.c"
Invoking: Arm Compiler
"C:/ti/ccs1281/ccs/tools/compiler/ti-cgt-arm_20.2.7.LTS/bin/armcl" -mv7R5 --code_state=32 --float_support=VFPv3D16 --include_path="C:/Users/npyla/Documents/_dev/_embedded/ws_test/test" --include_path="C:/ti/ccs1281/ccs/tools/compiler/ti-cgt-arm_20.2.7.LTS/include" -g --diag_warning=225 --diag_wrap=off --display_error_number --enum_type=packed --abi=eabi --preproc_with_compile --preproc_dependency="source/os_tasks.d_raw" --obj_directory="source"  "../source/os_tasks.c"
 
>> Compilation failure
source/subdir_rules.mk:9: recipe for target 'source/os_tasks.obj' failed
"../source/os_tasks.c", line 80: fatal error #1965: cannot open source file "FreeRTOS.h"
1 catastrophic error detected in the compilation of "../source/os_tasks.c".
Compilation terminated.
gmake: *** [source/os_tasks.obj] Error 1
Building file: "../source/os_timer.c"
Invoking: Arm Compiler
"C:/ti/ccs1281/ccs/tools/compiler/ti-cgt-arm_20.2.7.LTS/bin/armcl" -mv7R5 --code_state=32 --float_support=VFPv3D16 --include_path="C:/Users/npyla/Documents/_dev/_embedded/ws_test/test" --include_path="C:/ti/ccs1281/ccs/tools/compiler/ti-cgt-arm_20.2.7.LTS/include" -g --diag_warning=225 --diag_wrap=off --display_error_number --enum_type=packed --abi=eabi --preproc_with_compile --preproc_dependency="source/os_timer.d_raw" --obj_directory="source"  "../source/os_timer.c"
 
>> Compilation failure
source/subdir_rules.mk:9: recipe for target 'source/os_timer.obj' failed
"../source/os_timer.c", line 78: fatal error #1965: cannot open source file "FreeRTOS.h"
1 catastrophic error detected in the compilation of "../source/os_timer.c".
Compilation terminated.
gmake: *** [source/os_timer.obj] Error 1
gmake: Target 'all' not remade because of errors.

**** Build Finished ****

**** Build of configuration Debug for project test ****

"C:\\ti\\ccs1281\\ccs\\utils\\bin\\gmake" -k -j 12 all -O 
 
Building file: "../main.c"
Invoking: Arm Compiler
"C:/ti/ccs1281/ccs/tools/compiler/ti-cgt-arm_20.2.7.LTS/bin/armcl" -mv7R5 --code_state=32 --float_support=VFPv3D16 --include_path="C:/Users/npyla/Documents/_dev/_embedded/ws_test/test/include" --include_path="C:/Users/npyla/Documents/_dev/_embedded/ws_test/test" --include_path="C:/ti/ccs1281/ccs/tools/compiler/ti-cgt-arm_20.2.7.LTS/include" -g --diag_warning=225 --diag_wrap=off --display_error_number --enum_type=packed --abi=eabi --preproc_with_compile --preproc_dependency="main.d_raw"  "../main.c"
Finished building: "../main.c"
 
Building file: "../source/HL_epc.c"
Invoking: Arm Compiler
"C:/ti/ccs1281/ccs/tools/compiler/ti-cgt-arm_20.2.7.LTS/bin/armcl" -mv7R5 --code_state=32 --float_support=VFPv3D16 --include_path="C:/Users/npyla/Documents/_dev/_embedded/ws_test/test/include" --include_path="C:/Users/npyla/Documents/_dev/_embedded/ws_test/test" --include_path="C:/ti/ccs1281/ccs/tools/compiler/ti-cgt-arm_20.2.7.LTS/include" -g --diag_warning=225 --diag_wrap=off --display_error_number --enum_type=packed --abi=eabi --preproc_with_compile --preproc_dependency="source/HL_epc.d_raw" --obj_directory="source"  "../source/HL_epc.c"
Finished building: "../source/HL_epc.c"
 
Building file: "../source/HL_errata.c"
Invoking: Arm Compiler
"C:/ti/ccs1281/ccs/tools/compiler/ti-cgt-arm_20.2.7.LTS/bin/armcl" -mv7R5 --code_state=32 --float_support=VFPv3D16 --include_path="C:/Users/npyla/Documents/_dev/_embedded/ws_test/test/include" --include_path="C:/Users/npyla/Documents/_dev/_embedded/ws_test/test" --include_path="C:/ti/ccs1281/ccs/tools/compiler/ti-cgt-arm_20.2.7.LTS/include" -g --diag_warning=225 --diag_wrap=off --display_error_number --enum_type=packed --abi=eabi --preproc_with_compile --preproc_dependency="source/HL_errata.d_raw" --obj_directory="source"  "../source/HL_errata.c"
Finished building: "../source/HL_errata.c"
 
Building file: "../source/HL_errata_SSWF021_45.c"
Invoking: Arm Compiler
"C:/ti/ccs1281/ccs/tools/compiler/ti-cgt-arm_20.2.7.LTS/bin/armcl" -mv7R5 --code_state=32 --float_support=VFPv3D16 --include_path="C:/Users/npyla/Documents/_dev/_embedded/ws_test/test/include" --include_path="C:/Users/npyla/Documents/_dev/_embedded/ws_test/test" --include_path="C:/ti/ccs1281/ccs/tools/compiler/ti-cgt-arm_20.2.7.LTS/include" -g --diag_warning=225 --diag_wrap=off --display_error_number --enum_type=packed --abi=eabi --preproc_with_compile --preproc_dependency="source/HL_errata_SSWF021_45.d_raw" --obj_directory="source"  "../source/HL_errata_SSWF021_45.c"
Finished building: "../source/HL_errata_SSWF021_45.c"
 
Building file: "../source/HL_esm.c"
Invoking: Arm Compiler
"C:/ti/ccs1281/ccs/tools/compiler/ti-cgt-arm_20.2.7.LTS/bin/armcl" -mv7R5 --code_state=32 --float_support=VFPv3D16 --include_path="C:/Users/npyla/Documents/_dev/_embedded/ws_test/test/include" --include_path="C:/Users/npyla/Documents/_dev/_embedded/ws_test/test" --include_path="C:/ti/ccs1281/ccs/tools/compiler/ti-cgt-arm_20.2.7.LTS/include" -g --diag_warning=225 --diag_wrap=off --display_error_number --enum_type=packed --abi=eabi --preproc_with_compile --preproc_dependency="source/HL_esm.d_raw" --obj_directory="source"  "../source/HL_esm.c"
Finished building: "../source/HL_esm.c"
 
Building file: "../source/HL_gio.c"
Invoking: Arm Compiler
"C:/ti/ccs1281/ccs/tools/compiler/ti-cgt-arm_20.2.7.LTS/bin/armcl" -mv7R5 --code_state=32 --float_support=VFPv3D16 --include_path="C:/Users/npyla/Documents/_dev/_embedded/ws_test/test/include" --include_path="C:/Users/npyla/Documents/_dev/_embedded/ws_test/test" --include_path="C:/ti/ccs1281/ccs/tools/compiler/ti-cgt-arm_20.2.7.LTS/include" -g --diag_warning=225 --diag_wrap=off --display_error_number --enum_type=packed --abi=eabi --preproc_with_compile --preproc_dependency="source/HL_gio.d_raw" --obj_directory="source"  "../source/HL_gio.c"
Finished building: "../source/HL_gio.c"
 
Building file: "../source/HL_nmpu.c"
Invoking: Arm Compiler
"C:/ti/ccs1281/ccs/tools/compiler/ti-cgt-arm_20.2.7.LTS/bin/armcl" -mv7R5 --code_state=32 --float_support=VFPv3D16 --include_path="C:/Users/npyla/Documents/_dev/_embedded/ws_test/test/include" --include_path="C:/Users/npyla/Documents/_dev/_embedded/ws_test/test" --include_path="C:/ti/ccs1281/ccs/tools/compiler/ti-cgt-arm_20.2.7.LTS/include" -g --diag_warning=225 --diag_wrap=off --display_error_number --enum_type=packed --abi=eabi --preproc_with_compile --preproc_dependency="source/HL_nmpu.d_raw" --obj_directory="source"  "../source/HL_nmpu.c"
Finished building: "../source/HL_nmpu.c"
 
Building file: "../source/HL_sys_core.asm"
Invoking: Arm Compiler
"C:/ti/ccs1281/ccs/tools/compiler/ti-cgt-arm_20.2.7.LTS/bin/armcl" -mv7R5 --code_state=32 --float_support=VFPv3D16 --include_path="C:/Users/npyla/Documents/_dev/_embedded/ws_test/test/include" --include_path="C:/Users/npyla/Documents/_dev/_embedded/ws_test/test" --include_path="C:/ti/ccs1281/ccs/tools/compiler/ti-cgt-arm_20.2.7.LTS/include" -g --diag_warning=225 --diag_wrap=off --display_error_number --enum_type=packed --abi=eabi --preproc_with_compile --preproc_dependency="source/HL_sys_core.d_raw" --obj_directory="source"  "../source/HL_sys_core.asm"
Finished building: "../source/HL_sys_core.asm"
 
Building file: "../source/HL_notification.c"
Invoking: Arm Compiler
"C:/ti/ccs1281/ccs/tools/compiler/ti-cgt-arm_20.2.7.LTS/bin/armcl" -mv7R5 --code_state=32 --float_support=VFPv3D16 --include_path="C:/Users/npyla/Documents/_dev/_embedded/ws_test/test/include" --include_path="C:/Users/npyla/Documents/_dev/_embedded/ws_test/test" --include_path="C:/ti/ccs1281/ccs/tools/compiler/ti-cgt-arm_20.2.7.LTS/include" -g --diag_warning=225 --diag_wrap=off --display_error_number --enum_type=packed --abi=eabi --preproc_with_compile --preproc_dependency="source/HL_notification.d_raw" --obj_directory="source"  "../source/HL_notification.c"
Finished building: "../source/HL_notification.c"
 
Building file: "../source/HL_pinmux.c"
Invoking: Arm Compiler
"C:/ti/ccs1281/ccs/tools/compiler/ti-cgt-arm_20.2.7.LTS/bin/armcl" -mv7R5 --code_state=32 --float_support=VFPv3D16 --include_path="C:/Users/npyla/Documents/_dev/_embedded/ws_test/test/include" --include_path="C:/Users/npyla/Documents/_dev/_embedded/ws_test/test" --include_path="C:/ti/ccs1281/ccs/tools/compiler/ti-cgt-arm_20.2.7.LTS/include" -g --diag_warning=225 --diag_wrap=off --display_error_number --enum_type=packed --abi=eabi --preproc_with_compile --preproc_dependency="source/HL_pinmux.d_raw" --obj_directory="source"  "../source/HL_pinmux.c"
Finished building: "../source/HL_pinmux.c"
 
Building file: "../source/HL_sys_intvecs.asm"
Invoking: Arm Compiler
"C:/ti/ccs1281/ccs/tools/compiler/ti-cgt-arm_20.2.7.LTS/bin/armcl" -mv7R5 --code_state=32 --float_support=VFPv3D16 --include_path="C:/Users/npyla/Documents/_dev/_embedded/ws_test/test/include" --include_path="C:/Users/npyla/Documents/_dev/_embedded/ws_test/test" --include_path="C:/ti/ccs1281/ccs/tools/compiler/ti-cgt-arm_20.2.7.LTS/include" -g --diag_warning=225 --diag_wrap=off --display_error_number --enum_type=packed --abi=eabi --preproc_with_compile --preproc_dependency="source/HL_sys_intvecs.d_raw" --obj_directory="source"  "../source/HL_sys_intvecs.asm"
Finished building: "../source/HL_sys_intvecs.asm"
 
Building file: "../source/HL_sys_mpu.asm"
Invoking: Arm Compiler
"C:/ti/ccs1281/ccs/tools/compiler/ti-cgt-arm_20.2.7.LTS/bin/armcl" -mv7R5 --code_state=32 --float_support=VFPv3D16 --include_path="C:/Users/npyla/Documents/_dev/_embedded/ws_test/test/include" --include_path="C:/Users/npyla/Documents/_dev/_embedded/ws_test/test" --include_path="C:/ti/ccs1281/ccs/tools/compiler/ti-cgt-arm_20.2.7.LTS/include" -g --diag_warning=225 --diag_wrap=off --display_error_number --enum_type=packed --abi=eabi --preproc_with_compile --preproc_dependency="source/HL_sys_mpu.d_raw" --obj_directory="source"  "../source/HL_sys_mpu.asm"
Finished building: "../source/HL_sys_mpu.asm"
 
Building file: "../source/HL_sys_dma.c"
Invoking: Arm Compiler
"C:/ti/ccs1281/ccs/tools/compiler/ti-cgt-arm_20.2.7.LTS/bin/armcl" -mv7R5 --code_state=32 --float_support=VFPv3D16 --include_path="C:/Users/npyla/Documents/_dev/_embedded/ws_test/test/include" --include_path="C:/Users/npyla/Documents/_dev/_embedded/ws_test/test" --include_path="C:/ti/ccs1281/ccs/tools/compiler/ti-cgt-arm_20.2.7.LTS/include" -g --diag_warning=225 --diag_wrap=off --display_error_number --enum_type=packed --abi=eabi --preproc_with_compile --preproc_dependency="source/HL_sys_dma.d_raw" --obj_directory="source"  "../source/HL_sys_dma.c"
Finished building: "../source/HL_sys_dma.c"
 
Building file: "../source/HL_sys_phantom.c"
Invoking: Arm Compiler
"C:/ti/ccs1281/ccs/tools/compiler/ti-cgt-arm_20.2.7.LTS/bin/armcl" -mv7R5 --code_state=32 --float_support=VFPv3D16 --include_path="C:/Users/npyla/Documents/_dev/_embedded/ws_test/test/include" --include_path="C:/Users/npyla/Documents/_dev/_embedded/ws_test/test" --include_path="C:/ti/ccs1281/ccs/tools/compiler/ti-cgt-arm_20.2.7.LTS/include" -g --diag_warning=225 --diag_wrap=off --display_error_number --enum_type=packed --abi=eabi --preproc_with_compile --preproc_dependency="source/HL_sys_phantom.d_raw" --obj_directory="source"  "../source/HL_sys_phantom.c"
Finished building: "../source/HL_sys_phantom.c"
 
Building file: "../source/HL_sys_pmu.asm"
Invoking: Arm Compiler
"C:/ti/ccs1281/ccs/tools/compiler/ti-cgt-arm_20.2.7.LTS/bin/armcl" -mv7R5 --code_state=32 --float_support=VFPv3D16 --include_path="C:/Users/npyla/Documents/_dev/_embedded/ws_test/test/include" --include_path="C:/Users/npyla/Documents/_dev/_embedded/ws_test/test" --include_path="C:/ti/ccs1281/ccs/tools/compiler/ti-cgt-arm_20.2.7.LTS/include" -g --diag_warning=225 --diag_wrap=off --display_error_number --enum_type=packed --abi=eabi --preproc_with_compile --preproc_dependency="source/HL_sys_pmu.d_raw" --obj_directory="source"  "../source/HL_sys_pmu.asm"
Finished building: "../source/HL_sys_pmu.asm"
 
Building file: "../source/HL_sys_pmm.c"
Invoking: Arm Compiler
"C:/ti/ccs1281/ccs/tools/compiler/ti-cgt-arm_20.2.7.LTS/bin/armcl" -mv7R5 --code_state=32 --float_support=VFPv3D16 --include_path="C:/Users/npyla/Documents/_dev/_embedded/ws_test/test/include" --include_path="C:/Users/npyla/Documents/_dev/_embedded/ws_test/test" --include_path="C:/ti/ccs1281/ccs/tools/compiler/ti-cgt-arm_20.2.7.LTS/include" -g --diag_warning=225 --diag_wrap=off --display_error_number --enum_type=packed --abi=eabi --preproc_with_compile --preproc_dependency="source/HL_sys_pmm.d_raw" --obj_directory="source"  "../source/HL_sys_pmm.c"
Finished building: "../source/HL_sys_pmm.c"
 
Building file: "../source/HL_sys_pcr.c"
Invoking: Arm Compiler
"C:/ti/ccs1281/ccs/tools/compiler/ti-cgt-arm_20.2.7.LTS/bin/armcl" -mv7R5 --code_state=32 --float_support=VFPv3D16 --include_path="C:/Users/npyla/Documents/_dev/_embedded/ws_test/test/include" --include_path="C:/Users/npyla/Documents/_dev/_embedded/ws_test/test" --include_path="C:/ti/ccs1281/ccs/tools/compiler/ti-cgt-arm_20.2.7.LTS/include" -g --diag_warning=225 --diag_wrap=off --display_error_number --enum_type=packed --abi=eabi --preproc_with_compile --preproc_dependency="source/HL_sys_pcr.d_raw" --obj_directory="source"  "../source/HL_sys_pcr.c"
Finished building: "../source/HL_sys_pcr.c"
 
Building file: "../source/HL_sys_startup.c"
Invoking: Arm Compiler
"C:/ti/ccs1281/ccs/tools/compiler/ti-cgt-arm_20.2.7.LTS/bin/armcl" -mv7R5 --code_state=32 --float_support=VFPv3D16 --include_path="C:/Users/npyla/Documents/_dev/_embedded/ws_test/test/include" --include_path="C:/Users/npyla/Documents/_dev/_embedded/ws_test/test" --include_path="C:/ti/ccs1281/ccs/tools/compiler/ti-cgt-arm_20.2.7.LTS/include" -g --diag_warning=225 --diag_wrap=off --display_error_number --enum_type=packed --abi=eabi --preproc_with_compile --preproc_dependency="source/HL_sys_startup.d_raw" --obj_directory="source"  "../source/HL_sys_startup.c"
Finished building: "../source/HL_sys_startup.c"
 
Building file: "../source/HL_sys_vim.c"
Invoking: Arm Compiler
"C:/ti/ccs1281/ccs/tools/compiler/ti-cgt-arm_20.2.7.LTS/bin/armcl" -mv7R5 --code_state=32 --float_support=VFPv3D16 --include_path="C:/Users/npyla/Documents/_dev/_embedded/ws_test/test/include" --include_path="C:/Users/npyla/Documents/_dev/_embedded/ws_test/test" --include_path="C:/ti/ccs1281/ccs/tools/compiler/ti-cgt-arm_20.2.7.LTS/include" -g --diag_warning=225 --diag_wrap=off --display_error_number --enum_type=packed --abi=eabi --preproc_with_compile --preproc_dependency="source/HL_sys_vim.d_raw" --obj_directory="source"  "../source/HL_sys_vim.c"
Finished building: "../source/HL_sys_vim.c"
 
Building file: "../source/os_croutine.c"
Invoking: Arm Compiler
"C:/ti/ccs1281/ccs/tools/compiler/ti-cgt-arm_20.2.7.LTS/bin/armcl" -mv7R5 --code_state=32 --float_support=VFPv3D16 --include_path="C:/Users/npyla/Documents/_dev/_embedded/ws_test/test/include" --include_path="C:/Users/npyla/Documents/_dev/_embedded/ws_test/test" --include_path="C:/ti/ccs1281/ccs/tools/compiler/ti-cgt-arm_20.2.7.LTS/include" -g --diag_warning=225 --diag_wrap=off --display_error_number --enum_type=packed --abi=eabi --preproc_with_compile --preproc_dependency="source/os_croutine.d_raw" --obj_directory="source"  "../source/os_croutine.c"
Finished building: "../source/os_croutine.c"
 
Building file: "../source/HL_system.c"
Invoking: Arm Compiler
"C:/ti/ccs1281/ccs/tools/compiler/ti-cgt-arm_20.2.7.LTS/bin/armcl" -mv7R5 --code_state=32 --float_support=VFPv3D16 --include_path="C:/Users/npyla/Documents/_dev/_embedded/ws_test/test/include" --include_path="C:/Users/npyla/Documents/_dev/_embedded/ws_test/test" --include_path="C:/ti/ccs1281/ccs/tools/compiler/ti-cgt-arm_20.2.7.LTS/include" -g --diag_warning=225 --diag_wrap=off --display_error_number --enum_type=packed --abi=eabi --preproc_with_compile --preproc_dependency="source/HL_system.d_raw" --obj_directory="source"  "../source/HL_system.c"
Finished building: "../source/HL_system.c"
 
Building file: "../source/os_event_groups.c"
Invoking: Arm Compiler
"C:/ti/ccs1281/ccs/tools/compiler/ti-cgt-arm_20.2.7.LTS/bin/armcl" -mv7R5 --code_state=32 --float_support=VFPv3D16 --include_path="C:/Users/npyla/Documents/_dev/_embedded/ws_test/test/include" --include_path="C:/Users/npyla/Documents/_dev/_embedded/ws_test/test" --include_path="C:/ti/ccs1281/ccs/tools/compiler/ti-cgt-arm_20.2.7.LTS/include" -g --diag_warning=225 --diag_wrap=off --display_error_number --enum_type=packed --abi=eabi --preproc_with_compile --preproc_dependency="source/os_event_groups.d_raw" --obj_directory="source"  "../source/os_event_groups.c"
Finished building: "../source/os_event_groups.c"
 
Building file: "../source/os_heap.c"
Invoking: Arm Compiler
"C:/ti/ccs1281/ccs/tools/compiler/ti-cgt-arm_20.2.7.LTS/bin/armcl" -mv7R5 --code_state=32 --float_support=VFPv3D16 --include_path="C:/Users/npyla/Documents/_dev/_embedded/ws_test/test/include" --include_path="C:/Users/npyla/Documents/_dev/_embedded/ws_test/test" --include_path="C:/ti/ccs1281/ccs/tools/compiler/ti-cgt-arm_20.2.7.LTS/include" -g --diag_warning=225 --diag_wrap=off --display_error_number --enum_type=packed --abi=eabi --preproc_with_compile --preproc_dependency="source/os_heap.d_raw" --obj_directory="source"  "../source/os_heap.c"
Finished building: "../source/os_heap.c"
 
Building file: "../source/os_list.c"
Invoking: Arm Compiler
"C:/ti/ccs1281/ccs/tools/compiler/ti-cgt-arm_20.2.7.LTS/bin/armcl" -mv7R5 --code_state=32 --float_support=VFPv3D16 --include_path="C:/Users/npyla/Documents/_dev/_embedded/ws_test/test/include" --include_path="C:/Users/npyla/Documents/_dev/_embedded/ws_test/test" --include_path="C:/ti/ccs1281/ccs/tools/compiler/ti-cgt-arm_20.2.7.LTS/include" -g --diag_warning=225 --diag_wrap=off --display_error_number --enum_type=packed --abi=eabi --preproc_with_compile --preproc_dependency="source/os_list.d_raw" --obj_directory="source"  "../source/os_list.c"
Finished building: "../source/os_list.c"
 
Building file: "../source/os_portasm.asm"
Invoking: Arm Compiler
"C:/ti/ccs1281/ccs/tools/compiler/ti-cgt-arm_20.2.7.LTS/bin/armcl" -mv7R5 --code_state=32 --float_support=VFPv3D16 --include_path="C:/Users/npyla/Documents/_dev/_embedded/ws_test/test/include" --include_path="C:/Users/npyla/Documents/_dev/_embedded/ws_test/test" --include_path="C:/ti/ccs1281/ccs/tools/compiler/ti-cgt-arm_20.2.7.LTS/include" -g --diag_warning=225 --diag_wrap=off --display_error_number --enum_type=packed --abi=eabi --preproc_with_compile --preproc_dependency="source/os_portasm.d_raw" --obj_directory="source"  "../source/os_portasm.asm"
Finished building: "../source/os_portasm.asm"
 
Building file: "../source/os_port.c"
Invoking: Arm Compiler
"C:/ti/ccs1281/ccs/tools/compiler/ti-cgt-arm_20.2.7.LTS/bin/armcl" -mv7R5 --code_state=32 --float_support=VFPv3D16 --include_path="C:/Users/npyla/Documents/_dev/_embedded/ws_test/test/include" --include_path="C:/Users/npyla/Documents/_dev/_embedded/ws_test/test" --include_path="C:/ti/ccs1281/ccs/tools/compiler/ti-cgt-arm_20.2.7.LTS/include" -g --diag_warning=225 --diag_wrap=off --display_error_number --enum_type=packed --abi=eabi --preproc_with_compile --preproc_dependency="source/os_port.d_raw" --obj_directory="source"  "../source/os_port.c"
Finished building: "../source/os_port.c"
 
Building file: "../source/os_mpu_wrappers.c"
Invoking: Arm Compiler
"C:/ti/ccs1281/ccs/tools/compiler/ti-cgt-arm_20.2.7.LTS/bin/armcl" -mv7R5 --code_state=32 --float_support=VFPv3D16 --include_path="C:/Users/npyla/Documents/_dev/_embedded/ws_test/test/include" --include_path="C:/Users/npyla/Documents/_dev/_embedded/ws_test/test" --include_path="C:/ti/ccs1281/ccs/tools/compiler/ti-cgt-arm_20.2.7.LTS/include" -g --diag_warning=225 --diag_wrap=off --display_error_number --enum_type=packed --abi=eabi --preproc_with_compile --preproc_dependency="source/os_mpu_wrappers.d_raw" --obj_directory="source"  "../source/os_mpu_wrappers.c"
Finished building: "../source/os_mpu_wrappers.c"
 
Building file: "../source/os_timer.c"
Invoking: Arm Compiler
"C:/ti/ccs1281/ccs/tools/compiler/ti-cgt-arm_20.2.7.LTS/bin/armcl" -mv7R5 --code_state=32 --float_support=VFPv3D16 --include_path="C:/Users/npyla/Documents/_dev/_embedded/ws_test/test/include" --include_path="C:/Users/npyla/Documents/_dev/_embedded/ws_test/test" --include_path="C:/ti/ccs1281/ccs/tools/compiler/ti-cgt-arm_20.2.7.LTS/include" -g --diag_warning=225 --diag_wrap=off --display_error_number --enum_type=packed --abi=eabi --preproc_with_compile --preproc_dependency="source/os_timer.d_raw" --obj_directory="source"  "../source/os_timer.c"
Finished building: "../source/os_timer.c"
 
Building file: "../source/os_queue.c"
Invoking: Arm Compiler
"C:/ti/ccs1281/ccs/tools/compiler/ti-cgt-arm_20.2.7.LTS/bin/armcl" -mv7R5 --code_state=32 --float_support=VFPv3D16 --include_path="C:/Users/npyla/Documents/_dev/_embedded/ws_test/test/include" --include_path="C:/Users/npyla/Documents/_dev/_embedded/ws_test/test" --include_path="C:/ti/ccs1281/ccs/tools/compiler/ti-cgt-arm_20.2.7.LTS/include" -g --diag_warning=225 --diag_wrap=off --display_error_number --enum_type=packed --abi=eabi --preproc_with_compile --preproc_dependency="source/os_queue.d_raw" --obj_directory="source"  "../source/os_queue.c"
Finished building: "../source/os_queue.c"
 
Building file: "../source/os_tasks.c"
Invoking: Arm Compiler
"C:/ti/ccs1281/ccs/tools/compiler/ti-cgt-arm_20.2.7.LTS/bin/armcl" -mv7R5 --code_state=32 --float_support=VFPv3D16 --include_path="C:/Users/npyla/Documents/_dev/_embedded/ws_test/test/include" --include_path="C:/Users/npyla/Documents/_dev/_embedded/ws_test/test" --include_path="C:/ti/ccs1281/ccs/tools/compiler/ti-cgt-arm_20.2.7.LTS/include" -g --diag_warning=225 --diag_wrap=off --display_error_number --enum_type=packed --abi=eabi --preproc_with_compile --preproc_dependency="source/os_tasks.d_raw" --obj_directory="source"  "../source/os_tasks.c"
Finished building: "../source/os_tasks.c"
 
Building target: "test.out"
Invoking: Arm Linker
"C:/ti/ccs1281/ccs/tools/compiler/ti-cgt-arm_20.2.7.LTS/bin/armcl" -mv7R5 --code_state=32 --float_support=VFPv3D16 -g --diag_warning=225 --diag_wrap=off --display_error_number --enum_type=packed --abi=eabi -z -m"test.map" --heap_size=0x800 --stack_size=0x800 -i"C:/ti/ccs1281/ccs/tools/compiler/ti-cgt-arm_20.2.7.LTS/lib" -i"C:/ti/ccs1281/ccs/tools/compiler/ti-cgt-arm_20.2.7.LTS/include" --reread_libs --diag_wrap=off --display_error_number --warn_sections --xml_link_info="test_linkInfo.xml" --rom_model --be32 -o "test.out" "./main.obj" "./source/HL_epc.obj" "./source/HL_errata.obj" "./source/HL_errata_SSWF021_45.obj" "./source/HL_esm.obj" "./source/HL_gio.obj" "./source/HL_nmpu.obj" "./source/HL_notification.obj" "./source/HL_pinmux.obj" "./source/HL_sys_core.obj" "./source/HL_sys_dma.obj" "./source/HL_sys_intvecs.obj" "./source/HL_sys_mpu.obj" "./source/HL_sys_pcr.obj" "./source/HL_sys_phantom.obj" "./source/HL_sys_pmm.obj" "./source/HL_sys_pmu.obj" "./source/HL_sys_startup.obj" "./source/HL_sys_vim.obj" "./source/HL_system.obj" "./source/os_croutine.obj" "./source/os_event_groups.obj" "./source/os_heap.obj" "./source/os_list.obj" "./source/os_mpu_wrappers.obj" "./source/os_port.obj" "./source/os_portasm.obj" "./source/os_queue.obj" "./source/os_tasks.obj" "./source/os_timer.obj" "../source/HL_sys_link.cmd"  -llibc.a 
<Linking>
 
 undefined            first referenced     
  symbol                  in file          
 ---------            ----------------     
 vApplicationTickHook ./source/os_tasks.obj
 
error #10234-D: unresolved symbols remain
error #10010: errors encountered during linking; "test.out" not built
 
>> Compilation failure
makefile:166: recipe for target 'test.out' failed
gmake[1]: *** [test.out] Error 1
makefile:162: recipe for target 'all' failed
gmake: *** [all] Error 2

**** Build Finished ****

**** Build of configuration Debug for project test ****

"C:\\ti\\ccs1281\\ccs\\utils\\bin\\gmake" -k -j 12 all -O 
 
Building file: "../source/HL_epc.c"
Invoking: Arm Compiler
"C:/ti/ccs1281/ccs/tools/compiler/ti-cgt-arm_20.2.7.LTS/bin/armcl" -mv7R5 --code_state=32 --float_support=VFPv3D16 --include_path="C:/Users/npyla/Documents/_dev/_embedded/ws_test/test/include" --include_path="C:/Users/npyla/Documents/_dev/_embedded/ws_test/test" --include_path="C:/ti/ccs1281/ccs/tools/compiler/ti-cgt-arm_20.2.7.LTS/include" -g --diag_warning=225 --diag_wrap=off --display_error_number --enum_type=packed --abi=eabi --preproc_with_compile --preproc_dependency="source/HL_epc.d_raw" --obj_directory="source"  "../source/HL_epc.c"
Finished building: "../source/HL_epc.c"
 
Building file: "../source/HL_errata.c"
Invoking: Arm Compiler
"C:/ti/ccs1281/ccs/tools/compiler/ti-cgt-arm_20.2.7.LTS/bin/armcl" -mv7R5 --code_state=32 --float_support=VFPv3D16 --include_path="C:/Users/npyla/Documents/_dev/_embedded/ws_test/test/include" --include_path="C:/Users/npyla/Documents/_dev/_embedded/ws_test/test" --include_path="C:/ti/ccs1281/ccs/tools/compiler/ti-cgt-arm_20.2.7.LTS/include" -g --diag_warning=225 --diag_wrap=off --display_error_number --enum_type=packed --abi=eabi --preproc_with_compile --preproc_dependency="source/HL_errata.d_raw" --obj_directory="source"  "../source/HL_errata.c"
Finished building: "../source/HL_errata.c"
 
Building file: "../source/HL_errata_SSWF021_45.c"
Invoking: Arm Compiler
"C:/ti/ccs1281/ccs/tools/compiler/ti-cgt-arm_20.2.7.LTS/bin/armcl" -mv7R5 --code_state=32 --float_support=VFPv3D16 --include_path="C:/Users/npyla/Documents/_dev/_embedded/ws_test/test/include" --include_path="C:/Users/npyla/Documents/_dev/_embedded/ws_test/test" --include_path="C:/ti/ccs1281/ccs/tools/compiler/ti-cgt-arm_20.2.7.LTS/include" -g --diag_warning=225 --diag_wrap=off --display_error_number --enum_type=packed --abi=eabi --preproc_with_compile --preproc_dependency="source/HL_errata_SSWF021_45.d_raw" --obj_directory="source"  "../source/HL_errata_SSWF021_45.c"
Finished building: "../source/HL_errata_SSWF021_45.c"
 
Building file: "../source/HL_esm.c"
Invoking: Arm Compiler
"C:/ti/ccs1281/ccs/tools/compiler/ti-cgt-arm_20.2.7.LTS/bin/armcl" -mv7R5 --code_state=32 --float_support=VFPv3D16 --include_path="C:/Users/npyla/Documents/_dev/_embedded/ws_test/test/include" --include_path="C:/Users/npyla/Documents/_dev/_embedded/ws_test/test" --include_path="C:/ti/ccs1281/ccs/tools/compiler/ti-cgt-arm_20.2.7.LTS/include" -g --diag_warning=225 --diag_wrap=off --display_error_number --enum_type=packed --abi=eabi --preproc_with_compile --preproc_dependency="source/HL_esm.d_raw" --obj_directory="source"  "../source/HL_esm.c"
Finished building: "../source/HL_esm.c"
 
Building file: "../source/HL_gio.c"
Invoking: Arm Compiler
"C:/ti/ccs1281/ccs/tools/compiler/ti-cgt-arm_20.2.7.LTS/bin/armcl" -mv7R5 --code_state=32 --float_support=VFPv3D16 --include_path="C:/Users/npyla/Documents/_dev/_embedded/ws_test/test/include" --include_path="C:/Users/npyla/Documents/_dev/_embedded/ws_test/test" --include_path="C:/ti/ccs1281/ccs/tools/compiler/ti-cgt-arm_20.2.7.LTS/include" -g --diag_warning=225 --diag_wrap=off --display_error_number --enum_type=packed --abi=eabi --preproc_with_compile --preproc_dependency="source/HL_gio.d_raw" --obj_directory="source"  "../source/HL_gio.c"
Finished building: "../source/HL_gio.c"
 
Building file: "../source/HL_nmpu.c"
Invoking: Arm Compiler
"C:/ti/ccs1281/ccs/tools/compiler/ti-cgt-arm_20.2.7.LTS/bin/armcl" -mv7R5 --code_state=32 --float_support=VFPv3D16 --include_path="C:/Users/npyla/Documents/_dev/_embedded/ws_test/test/include" --include_path="C:/Users/npyla/Documents/_dev/_embedded/ws_test/test" --include_path="C:/ti/ccs1281/ccs/tools/compiler/ti-cgt-arm_20.2.7.LTS/include" -g --diag_warning=225 --diag_wrap=off --display_error_number --enum_type=packed --abi=eabi --preproc_with_compile --preproc_dependency="source/HL_nmpu.d_raw" --obj_directory="source"  "../source/HL_nmpu.c"
Finished building: "../source/HL_nmpu.c"
 
Building file: "../source/HL_notification.c"
Invoking: Arm Compiler
"C:/ti/ccs1281/ccs/tools/compiler/ti-cgt-arm_20.2.7.LTS/bin/armcl" -mv7R5 --code_state=32 --float_support=VFPv3D16 --include_path="C:/Users/npyla/Documents/_dev/_embedded/ws_test/test/include" --include_path="C:/Users/npyla/Documents/_dev/_embedded/ws_test/test" --include_path="C:/ti/ccs1281/ccs/tools/compiler/ti-cgt-arm_20.2.7.LTS/include" -g --diag_warning=225 --diag_wrap=off --display_error_number --enum_type=packed --abi=eabi --preproc_with_compile --preproc_dependency="source/HL_notification.d_raw" --obj_directory="source"  "../source/HL_notification.c"
Finished building: "../source/HL_notification.c"
 
Building file: "../source/HL_sys_core.asm"
Invoking: Arm Compiler
"C:/ti/ccs1281/ccs/tools/compiler/ti-cgt-arm_20.2.7.LTS/bin/armcl" -mv7R5 --code_state=32 --float_support=VFPv3D16 --include_path="C:/Users/npyla/Documents/_dev/_embedded/ws_test/test/include" --include_path="C:/Users/npyla/Documents/_dev/_embedded/ws_test/test" --include_path="C:/ti/ccs1281/ccs/tools/compiler/ti-cgt-arm_20.2.7.LTS/include" -g --diag_warning=225 --diag_wrap=off --display_error_number --enum_type=packed --abi=eabi --preproc_with_compile --preproc_dependency="source/HL_sys_core.d_raw" --obj_directory="source"  "../source/HL_sys_core.asm"
Finished building: "../source/HL_sys_core.asm"
 
Building file: "../source/HL_sys_intvecs.asm"
Invoking: Arm Compiler
"C:/ti/ccs1281/ccs/tools/compiler/ti-cgt-arm_20.2.7.LTS/bin/armcl" -mv7R5 --code_state=32 --float_support=VFPv3D16 --include_path="C:/Users/npyla/Documents/_dev/_embedded/ws_test/test/include" --include_path="C:/Users/npyla/Documents/_dev/_embedded/ws_test/test" --include_path="C:/ti/ccs1281/ccs/tools/compiler/ti-cgt-arm_20.2.7.LTS/include" -g --diag_warning=225 --diag_wrap=off --display_error_number --enum_type=packed --abi=eabi --preproc_with_compile --preproc_dependency="source/HL_sys_intvecs.d_raw" --obj_directory="source"  "../source/HL_sys_intvecs.asm"
Finished building: "../source/HL_sys_intvecs.asm"
 
Building file: "../source/HL_pinmux.c"
Invoking: Arm Compiler
"C:/ti/ccs1281/ccs/tools/compiler/ti-cgt-arm_20.2.7.LTS/bin/armcl" -mv7R5 --code_state=32 --float_support=VFPv3D16 --include_path="C:/Users/npyla/Documents/_dev/_embedded/ws_test/test/include" --include_path="C:/Users/npyla/Documents/_dev/_embedded/ws_test/test" --include_path="C:/ti/ccs1281/ccs/tools/compiler/ti-cgt-arm_20.2.7.LTS/include" -g --diag_warning=225 --diag_wrap=off --display_error_number --enum_type=packed --abi=eabi --preproc_with_compile --preproc_dependency="source/HL_pinmux.d_raw" --obj_directory="source"  "../source/HL_pinmux.c"
Finished building: "../source/HL_pinmux.c"
 
Building file: "../source/HL_sys_mpu.asm"
Invoking: Arm Compiler
"C:/ti/ccs1281/ccs/tools/compiler/ti-cgt-arm_20.2.7.LTS/bin/armcl" -mv7R5 --code_state=32 --float_support=VFPv3D16 --include_path="C:/Users/npyla/Documents/_dev/_embedded/ws_test/test/include" --include_path="C:/Users/npyla/Documents/_dev/_embedded/ws_test/test" --include_path="C:/ti/ccs1281/ccs/tools/compiler/ti-cgt-arm_20.2.7.LTS/include" -g --diag_warning=225 --diag_wrap=off --display_error_number --enum_type=packed --abi=eabi --preproc_with_compile --preproc_dependency="source/HL_sys_mpu.d_raw" --obj_directory="source"  "../source/HL_sys_mpu.asm"
Finished building: "../source/HL_sys_mpu.asm"
 
Building file: "../source/HL_sys_dma.c"
Invoking: Arm Compiler
"C:/ti/ccs1281/ccs/tools/compiler/ti-cgt-arm_20.2.7.LTS/bin/armcl" -mv7R5 --code_state=32 --float_support=VFPv3D16 --include_path="C:/Users/npyla/Documents/_dev/_embedded/ws_test/test/include" --include_path="C:/Users/npyla/Documents/_dev/_embedded/ws_test/test" --include_path="C:/ti/ccs1281/ccs/tools/compiler/ti-cgt-arm_20.2.7.LTS/include" -g --diag_warning=225 --diag_wrap=off --display_error_number --enum_type=packed --abi=eabi --preproc_with_compile --preproc_dependency="source/HL_sys_dma.d_raw" --obj_directory="source"  "../source/HL_sys_dma.c"
Finished building: "../source/HL_sys_dma.c"
 
Building file: "../source/HL_sys_phantom.c"
Invoking: Arm Compiler
"C:/ti/ccs1281/ccs/tools/compiler/ti-cgt-arm_20.2.7.LTS/bin/armcl" -mv7R5 --code_state=32 --float_support=VFPv3D16 --include_path="C:/Users/npyla/Documents/_dev/_embedded/ws_test/test/include" --include_path="C:/Users/npyla/Documents/_dev/_embedded/ws_test/test" --include_path="C:/ti/ccs1281/ccs/tools/compiler/ti-cgt-arm_20.2.7.LTS/include" -g --diag_warning=225 --diag_wrap=off --display_error_number --enum_type=packed --abi=eabi --preproc_with_compile --preproc_dependency="source/HL_sys_phantom.d_raw" --obj_directory="source"  "../source/HL_sys_phantom.c"
Finished building: "../source/HL_sys_phantom.c"
 
Building file: "../source/HL_sys_pmm.c"
Invoking: Arm Compiler
"C:/ti/ccs1281/ccs/tools/compiler/ti-cgt-arm_20.2.7.LTS/bin/armcl" -mv7R5 --code_state=32 --float_support=VFPv3D16 --include_path="C:/Users/npyla/Documents/_dev/_embedded/ws_test/test/include" --include_path="C:/Users/npyla/Documents/_dev/_embedded/ws_test/test" --include_path="C:/ti/ccs1281/ccs/tools/compiler/ti-cgt-arm_20.2.7.LTS/include" -g --diag_warning=225 --diag_wrap=off --display_error_number --enum_type=packed --abi=eabi --preproc_with_compile --preproc_dependency="source/HL_sys_pmm.d_raw" --obj_directory="source"  "../source/HL_sys_pmm.c"
Finished building: "../source/HL_sys_pmm.c"
 
Building file: "../source/HL_sys_pcr.c"
Invoking: Arm Compiler
"C:/ti/ccs1281/ccs/tools/compiler/ti-cgt-arm_20.2.7.LTS/bin/armcl" -mv7R5 --code_state=32 --float_support=VFPv3D16 --include_path="C:/Users/npyla/Documents/_dev/_embedded/ws_test/test/include" --include_path="C:/Users/npyla/Documents/_dev/_embedded/ws_test/test" --include_path="C:/ti/ccs1281/ccs/tools/compiler/ti-cgt-arm_20.2.7.LTS/include" -g --diag_warning=225 --diag_wrap=off --display_error_number --enum_type=packed --abi=eabi --preproc_with_compile --preproc_dependency="source/HL_sys_pcr.d_raw" --obj_directory="source"  "../source/HL_sys_pcr.c"
Finished building: "../source/HL_sys_pcr.c"
 
Building file: "../source/HL_sys_pmu.asm"
Invoking: Arm Compiler
"C:/ti/ccs1281/ccs/tools/compiler/ti-cgt-arm_20.2.7.LTS/bin/armcl" -mv7R5 --code_state=32 --float_support=VFPv3D16 --include_path="C:/Users/npyla/Documents/_dev/_embedded/ws_test/test/include" --include_path="C:/Users/npyla/Documents/_dev/_embedded/ws_test/test" --include_path="C:/ti/ccs1281/ccs/tools/compiler/ti-cgt-arm_20.2.7.LTS/include" -g --diag_warning=225 --diag_wrap=off --display_error_number --enum_type=packed --abi=eabi --preproc_with_compile --preproc_dependency="source/HL_sys_pmu.d_raw" --obj_directory="source"  "../source/HL_sys_pmu.asm"
Finished building: "../source/HL_sys_pmu.asm"
 
Building file: "../source/HL_sys_startup.c"
Invoking: Arm Compiler
"C:/ti/ccs1281/ccs/tools/compiler/ti-cgt-arm_20.2.7.LTS/bin/armcl" -mv7R5 --code_state=32 --float_support=VFPv3D16 --include_path="C:/Users/npyla/Documents/_dev/_embedded/ws_test/test/include" --include_path="C:/Users/npyla/Documents/_dev/_embedded/ws_test/test" --include_path="C:/ti/ccs1281/ccs/tools/compiler/ti-cgt-arm_20.2.7.LTS/include" -g --diag_warning=225 --diag_wrap=off --display_error_number --enum_type=packed --abi=eabi --preproc_with_compile --preproc_dependency="source/HL_sys_startup.d_raw" --obj_directory="source"  "../source/HL_sys_startup.c"
Finished building: "../source/HL_sys_startup.c"
 
Building file: "../source/os_croutine.c"
Invoking: Arm Compiler
"C:/ti/ccs1281/ccs/tools/compiler/ti-cgt-arm_20.2.7.LTS/bin/armcl" -mv7R5 --code_state=32 --float_support=VFPv3D16 --include_path="C:/Users/npyla/Documents/_dev/_embedded/ws_test/test/include" --include_path="C:/Users/npyla/Documents/_dev/_embedded/ws_test/test" --include_path="C:/ti/ccs1281/ccs/tools/compiler/ti-cgt-arm_20.2.7.LTS/include" -g --diag_warning=225 --diag_wrap=off --display_error_number --enum_type=packed --abi=eabi --preproc_with_compile --preproc_dependency="source/os_croutine.d_raw" --obj_directory="source"  "../source/os_croutine.c"
Finished building: "../source/os_croutine.c"
 
Building file: "../source/HL_sys_vim.c"
Invoking: Arm Compiler
"C:/ti/ccs1281/ccs/tools/compiler/ti-cgt-arm_20.2.7.LTS/bin/armcl" -mv7R5 --code_state=32 --float_support=VFPv3D16 --include_path="C:/Users/npyla/Documents/_dev/_embedded/ws_test/test/include" --include_path="C:/Users/npyla/Documents/_dev/_embedded/ws_test/test" --include_path="C:/ti/ccs1281/ccs/tools/compiler/ti-cgt-arm_20.2.7.LTS/include" -g --diag_warning=225 --diag_wrap=off --display_error_number --enum_type=packed --abi=eabi --preproc_with_compile --preproc_dependency="source/HL_sys_vim.d_raw" --obj_directory="source"  "../source/HL_sys_vim.c"
Finished building: "../source/HL_sys_vim.c"
 
Building file: "../source/HL_system.c"
Invoking: Arm Compiler
"C:/ti/ccs1281/ccs/tools/compiler/ti-cgt-arm_20.2.7.LTS/bin/armcl" -mv7R5 --code_state=32 --float_support=VFPv3D16 --include_path="C:/Users/npyla/Documents/_dev/_embedded/ws_test/test/include" --include_path="C:/Users/npyla/Documents/_dev/_embedded/ws_test/test" --include_path="C:/ti/ccs1281/ccs/tools/compiler/ti-cgt-arm_20.2.7.LTS/include" -g --diag_warning=225 --diag_wrap=off --display_error_number --enum_type=packed --abi=eabi --preproc_with_compile --preproc_dependency="source/HL_system.d_raw" --obj_directory="source"  "../source/HL_system.c"
Finished building: "../source/HL_system.c"
 
Building file: "../source/os_list.c"
Invoking: Arm Compiler
"C:/ti/ccs1281/ccs/tools/compiler/ti-cgt-arm_20.2.7.LTS/bin/armcl" -mv7R5 --code_state=32 --float_support=VFPv3D16 --include_path="C:/Users/npyla/Documents/_dev/_embedded/ws_test/test/include" --include_path="C:/Users/npyla/Documents/_dev/_embedded/ws_test/test" --include_path="C:/ti/ccs1281/ccs/tools/compiler/ti-cgt-arm_20.2.7.LTS/include" -g --diag_warning=225 --diag_wrap=off --display_error_number --enum_type=packed --abi=eabi --preproc_with_compile --preproc_dependency="source/os_list.d_raw" --obj_directory="source"  "../source/os_list.c"
Finished building: "../source/os_list.c"
 
Building file: "../source/os_event_groups.c"
Invoking: Arm Compiler
"C:/ti/ccs1281/ccs/tools/compiler/ti-cgt-arm_20.2.7.LTS/bin/armcl" -mv7R5 --code_state=32 --float_support=VFPv3D16 --include_path="C:/Users/npyla/Documents/_dev/_embedded/ws_test/test/include" --include_path="C:/Users/npyla/Documents/_dev/_embedded/ws_test/test" --include_path="C:/ti/ccs1281/ccs/tools/compiler/ti-cgt-arm_20.2.7.LTS/include" -g --diag_warning=225 --diag_wrap=off --display_error_number --enum_type=packed --abi=eabi --preproc_with_compile --preproc_dependency="source/os_event_groups.d_raw" --obj_directory="source"  "../source/os_event_groups.c"
Finished building: "../source/os_event_groups.c"
 
Building file: "../source/os_heap.c"
Invoking: Arm Compiler
"C:/ti/ccs1281/ccs/tools/compiler/ti-cgt-arm_20.2.7.LTS/bin/armcl" -mv7R5 --code_state=32 --float_support=VFPv3D16 --include_path="C:/Users/npyla/Documents/_dev/_embedded/ws_test/test/include" --include_path="C:/Users/npyla/Documents/_dev/_embedded/ws_test/test" --include_path="C:/ti/ccs1281/ccs/tools/compiler/ti-cgt-arm_20.2.7.LTS/include" -g --diag_warning=225 --diag_wrap=off --display_error_number --enum_type=packed --abi=eabi --preproc_with_compile --preproc_dependency="source/os_heap.d_raw" --obj_directory="source"  "../source/os_heap.c"
Finished building: "../source/os_heap.c"
 
Building file: "../source/os_port.c"
Invoking: Arm Compiler
"C:/ti/ccs1281/ccs/tools/compiler/ti-cgt-arm_20.2.7.LTS/bin/armcl" -mv7R5 --code_state=32 --float_support=VFPv3D16 --include_path="C:/Users/npyla/Documents/_dev/_embedded/ws_test/test/include" --include_path="C:/Users/npyla/Documents/_dev/_embedded/ws_test/test" --include_path="C:/ti/ccs1281/ccs/tools/compiler/ti-cgt-arm_20.2.7.LTS/include" -g --diag_warning=225 --diag_wrap=off --display_error_number --enum_type=packed --abi=eabi --preproc_with_compile --preproc_dependency="source/os_port.d_raw" --obj_directory="source"  "../source/os_port.c"
Finished building: "../source/os_port.c"
 
Building file: "../source/os_portasm.asm"
Invoking: Arm Compiler
"C:/ti/ccs1281/ccs/tools/compiler/ti-cgt-arm_20.2.7.LTS/bin/armcl" -mv7R5 --code_state=32 --float_support=VFPv3D16 --include_path="C:/Users/npyla/Documents/_dev/_embedded/ws_test/test/include" --include_path="C:/Users/npyla/Documents/_dev/_embedded/ws_test/test" --include_path="C:/ti/ccs1281/ccs/tools/compiler/ti-cgt-arm_20.2.7.LTS/include" -g --diag_warning=225 --diag_wrap=off --display_error_number --enum_type=packed --abi=eabi --preproc_with_compile --preproc_dependency="source/os_portasm.d_raw" --obj_directory="source"  "../source/os_portasm.asm"
Finished building: "../source/os_portasm.asm"
 
Building file: "../source/os_mpu_wrappers.c"
Invoking: Arm Compiler
"C:/ti/ccs1281/ccs/tools/compiler/ti-cgt-arm_20.2.7.LTS/bin/armcl" -mv7R5 --code_state=32 --float_support=VFPv3D16 --include_path="C:/Users/npyla/Documents/_dev/_embedded/ws_test/test/include" --include_path="C:/Users/npyla/Documents/_dev/_embedded/ws_test/test" --include_path="C:/ti/ccs1281/ccs/tools/compiler/ti-cgt-arm_20.2.7.LTS/include" -g --diag_warning=225 --diag_wrap=off --display_error_number --enum_type=packed --abi=eabi --preproc_with_compile --preproc_dependency="source/os_mpu_wrappers.d_raw" --obj_directory="source"  "../source/os_mpu_wrappers.c"
Finished building: "../source/os_mpu_wrappers.c"
 
Building file: "../source/os_timer.c"
Invoking: Arm Compiler
"C:/ti/ccs1281/ccs/tools/compiler/ti-cgt-arm_20.2.7.LTS/bin/armcl" -mv7R5 --code_state=32 --float_support=VFPv3D16 --include_path="C:/Users/npyla/Documents/_dev/_embedded/ws_test/test/include" --include_path="C:/Users/npyla/Documents/_dev/_embedded/ws_test/test" --include_path="C:/ti/ccs1281/ccs/tools/compiler/ti-cgt-arm_20.2.7.LTS/include" -g --diag_warning=225 --diag_wrap=off --display_error_number --enum_type=packed --abi=eabi --preproc_with_compile --preproc_dependency="source/os_timer.d_raw" --obj_directory="source"  "../source/os_timer.c"
Finished building: "../source/os_timer.c"
 
Building file: "../source/os_queue.c"
Invoking: Arm Compiler
"C:/ti/ccs1281/ccs/tools/compiler/ti-cgt-arm_20.2.7.LTS/bin/armcl" -mv7R5 --code_state=32 --float_support=VFPv3D16 --include_path="C:/Users/npyla/Documents/_dev/_embedded/ws_test/test/include" --include_path="C:/Users/npyla/Documents/_dev/_embedded/ws_test/test" --include_path="C:/ti/ccs1281/ccs/tools/compiler/ti-cgt-arm_20.2.7.LTS/include" -g --diag_warning=225 --diag_wrap=off --display_error_number --enum_type=packed --abi=eabi --preproc_with_compile --preproc_dependency="source/os_queue.d_raw" --obj_directory="source"  "../source/os_queue.c"
Finished building: "../source/os_queue.c"
 
Building file: "../source/os_tasks.c"
Invoking: Arm Compiler
"C:/ti/ccs1281/ccs/tools/compiler/ti-cgt-arm_20.2.7.LTS/bin/armcl" -mv7R5 --code_state=32 --float_support=VFPv3D16 --include_path="C:/Users/npyla/Documents/_dev/_embedded/ws_test/test/include" --include_path="C:/Users/npyla/Documents/_dev/_embedded/ws_test/test" --include_path="C:/ti/ccs1281/ccs/tools/compiler/ti-cgt-arm_20.2.7.LTS/include" -g --diag_warning=225 --diag_wrap=off --display_error_number --enum_type=packed --abi=eabi --preproc_with_compile --preproc_dependency="source/os_tasks.d_raw" --obj_directory="source"  "../source/os_tasks.c"
Finished building: "../source/os_tasks.c"
 
Building target: "test.out"
Invoking: Arm Linker
"C:/ti/ccs1281/ccs/tools/compiler/ti-cgt-arm_20.2.7.LTS/bin/armcl" -mv7R5 --code_state=32 --float_support=VFPv3D16 -g --diag_warning=225 --diag_wrap=off --display_error_number --enum_type=packed --abi=eabi -z -m"test.map" --heap_size=0x800 --stack_size=0x800 -i"C:/ti/ccs1281/ccs/tools/compiler/ti-cgt-arm_20.2.7.LTS/lib" -i"C:/ti/ccs1281/ccs/tools/compiler/ti-cgt-arm_20.2.7.LTS/include" --reread_libs --diag_wrap=off --display_error_number --warn_sections --xml_link_info="test_linkInfo.xml" --rom_model --be32 -o "test.out" "./main.obj" "./source/HL_epc.obj" "./source/HL_errata.obj" "./source/HL_errata_SSWF021_45.obj" "./source/HL_esm.obj" "./source/HL_gio.obj" "./source/HL_nmpu.obj" "./source/HL_notification.obj" "./source/HL_pinmux.obj" "./source/HL_sys_core.obj" "./source/HL_sys_dma.obj" "./source/HL_sys_intvecs.obj" "./source/HL_sys_mpu.obj" "./source/HL_sys_pcr.obj" "./source/HL_sys_phantom.obj" "./source/HL_sys_pmm.obj" "./source/HL_sys_pmu.obj" "./source/HL_sys_startup.obj" "./source/HL_sys_vim.obj" "./source/HL_system.obj" "./source/os_croutine.obj" "./source/os_event_groups.obj" "./source/os_heap.obj" "./source/os_list.obj" "./source/os_mpu_wrappers.obj" "./source/os_port.obj" "./source/os_portasm.obj" "./source/os_queue.obj" "./source/os_tasks.obj" "./source/os_timer.obj" "../source/HL_sys_link.cmd"  -llibc.a 
<Linking>
Finished building target: "test.out"
 

**** Build Finished ****

**** Build of configuration Debug for project test ****

"C:\\ti\\ccs1281\\ccs\\utils\\bin\\gmake" -k -j 12 all -O 
 
Building file: "../main.c"
Invoking: Arm Compiler
"C:/ti/ccs1281/ccs/tools/compiler/ti-cgt-arm_20.2.7.LTS/bin/armcl" -mv7R5 --code_state=32 --float_support=VFPv3D16 --include_path="C:/Users/npyla/Documents/_dev/_embedded/ws_test/test/include" --include_path="C:/Users/npyla/Documents/_dev/_embedded/ws_test/test/components/fw_dio" --include_path="C:/Users/npyla/Documents/_dev/_embedded/ws_test/test" --include_path="C:/ti/ccs1281/ccs/tools/compiler/ti-cgt-arm_20.2.7.LTS/include" -g --diag_warning=225 --diag_wrap=off --display_error_number --enum_type=packed --abi=eabi --preproc_with_compile --preproc_dependency="main.d_raw"  "../main.c"
 
>> Compilation failure
subdir_rules.mk:9: recipe for target 'main.obj' failed
"C:/Users/npyla/Documents/_dev/_embedded/ws_test/test/components/fw_dio/fw_dio.h", line 31: fatal error #1965: cannot open source file "fw_globals.h"
1 catastrophic error detected in the compilation of "../main.c".
Compilation terminated.
gmake: *** [main.obj] Error 1
Building file: "../components/fw_dio/fw_dio.c"
Invoking: Arm Compiler
"C:/ti/ccs1281/ccs/tools/compiler/ti-cgt-arm_20.2.7.LTS/bin/armcl" -mv7R5 --code_state=32 --float_support=VFPv3D16 --include_path="C:/Users/npyla/Documents/_dev/_embedded/ws_test/test/include" --include_path="C:/Users/npyla/Documents/_dev/_embedded/ws_test/test/components/fw_dio" --include_path="C:/Users/npyla/Documents/_dev/_embedded/ws_test/test" --include_path="C:/ti/ccs1281/ccs/tools/compiler/ti-cgt-arm_20.2.7.LTS/include" -g --diag_warning=225 --diag_wrap=off --display_error_number --enum_type=packed --abi=eabi --preproc_with_compile --preproc_dependency="components/fw_dio/fw_dio.d_raw" --obj_directory="components/fw_dio"  "../components/fw_dio/fw_dio.c"
 
>> Compilation failure
components/fw_dio/subdir_rules.mk:9: recipe for target 'components/fw_dio/fw_dio.obj' failed
"..\components\fw_dio\fw_dio.h", line 31: fatal error #1965: cannot open source file "fw_globals.h"
1 catastrophic error detected in the compilation of "../components/fw_dio/fw_dio.c".
Compilation terminated.
gmake: *** [components/fw_dio/fw_dio.obj] Error 1
Building file: "../source/HL_epc.c"
Invoking: Arm Compiler
"C:/ti/ccs1281/ccs/tools/compiler/ti-cgt-arm_20.2.7.LTS/bin/armcl" -mv7R5 --code_state=32 --float_support=VFPv3D16 --include_path="C:/Users/npyla/Documents/_dev/_embedded/ws_test/test/include" --include_path="C:/Users/npyla/Documents/_dev/_embedded/ws_test/test/components/fw_dio" --include_path="C:/Users/npyla/Documents/_dev/_embedded/ws_test/test" --include_path="C:/ti/ccs1281/ccs/tools/compiler/ti-cgt-arm_20.2.7.LTS/include" -g --diag_warning=225 --diag_wrap=off --display_error_number --enum_type=packed --abi=eabi --preproc_with_compile --preproc_dependency="source/HL_epc.d_raw" --obj_directory="source"  "../source/HL_epc.c"
Finished building: "../source/HL_epc.c"
 
Building file: "../source/HL_errata.c"
Invoking: Arm Compiler
"C:/ti/ccs1281/ccs/tools/compiler/ti-cgt-arm_20.2.7.LTS/bin/armcl" -mv7R5 --code_state=32 --float_support=VFPv3D16 --include_path="C:/Users/npyla/Documents/_dev/_embedded/ws_test/test/include" --include_path="C:/Users/npyla/Documents/_dev/_embedded/ws_test/test/components/fw_dio" --include_path="C:/Users/npyla/Documents/_dev/_embedded/ws_test/test" --include_path="C:/ti/ccs1281/ccs/tools/compiler/ti-cgt-arm_20.2.7.LTS/include" -g --diag_warning=225 --diag_wrap=off --display_error_number --enum_type=packed --abi=eabi --preproc_with_compile --preproc_dependency="source/HL_errata.d_raw" --obj_directory="source"  "../source/HL_errata.c"
Finished building: "../source/HL_errata.c"
 
Building file: "../source/HL_errata_SSWF021_45.c"
Invoking: Arm Compiler
"C:/ti/ccs1281/ccs/tools/compiler/ti-cgt-arm_20.2.7.LTS/bin/armcl" -mv7R5 --code_state=32 --float_support=VFPv3D16 --include_path="C:/Users/npyla/Documents/_dev/_embedded/ws_test/test/include" --include_path="C:/Users/npyla/Documents/_dev/_embedded/ws_test/test/components/fw_dio" --include_path="C:/Users/npyla/Documents/_dev/_embedded/ws_test/test" --include_path="C:/ti/ccs1281/ccs/tools/compiler/ti-cgt-arm_20.2.7.LTS/include" -g --diag_warning=225 --diag_wrap=off --display_error_number --enum_type=packed --abi=eabi --preproc_with_compile --preproc_dependency="source/HL_errata_SSWF021_45.d_raw" --obj_directory="source"  "../source/HL_errata_SSWF021_45.c"
Finished building: "../source/HL_errata_SSWF021_45.c"
 
Building file: "../source/HL_esm.c"
Invoking: Arm Compiler
"C:/ti/ccs1281/ccs/tools/compiler/ti-cgt-arm_20.2.7.LTS/bin/armcl" -mv7R5 --code_state=32 --float_support=VFPv3D16 --include_path="C:/Users/npyla/Documents/_dev/_embedded/ws_test/test/include" --include_path="C:/Users/npyla/Documents/_dev/_embedded/ws_test/test/components/fw_dio" --include_path="C:/Users/npyla/Documents/_dev/_embedded/ws_test/test" --include_path="C:/ti/ccs1281/ccs/tools/compiler/ti-cgt-arm_20.2.7.LTS/include" -g --diag_warning=225 --diag_wrap=off --display_error_number --enum_type=packed --abi=eabi --preproc_with_compile --preproc_dependency="source/HL_esm.d_raw" --obj_directory="source"  "../source/HL_esm.c"
Finished building: "../source/HL_esm.c"
 
Building file: "../source/HL_gio.c"
Invoking: Arm Compiler
"C:/ti/ccs1281/ccs/tools/compiler/ti-cgt-arm_20.2.7.LTS/bin/armcl" -mv7R5 --code_state=32 --float_support=VFPv3D16 --include_path="C:/Users/npyla/Documents/_dev/_embedded/ws_test/test/include" --include_path="C:/Users/npyla/Documents/_dev/_embedded/ws_test/test/components/fw_dio" --include_path="C:/Users/npyla/Documents/_dev/_embedded/ws_test/test" --include_path="C:/ti/ccs1281/ccs/tools/compiler/ti-cgt-arm_20.2.7.LTS/include" -g --diag_warning=225 --diag_wrap=off --display_error_number --enum_type=packed --abi=eabi --preproc_with_compile --preproc_dependency="source/HL_gio.d_raw" --obj_directory="source"  "../source/HL_gio.c"
Finished building: "../source/HL_gio.c"
 
Building file: "../source/HL_nmpu.c"
Invoking: Arm Compiler
"C:/ti/ccs1281/ccs/tools/compiler/ti-cgt-arm_20.2.7.LTS/bin/armcl" -mv7R5 --code_state=32 --float_support=VFPv3D16 --include_path="C:/Users/npyla/Documents/_dev/_embedded/ws_test/test/include" --include_path="C:/Users/npyla/Documents/_dev/_embedded/ws_test/test/components/fw_dio" --include_path="C:/Users/npyla/Documents/_dev/_embedded/ws_test/test" --include_path="C:/ti/ccs1281/ccs/tools/compiler/ti-cgt-arm_20.2.7.LTS/include" -g --diag_warning=225 --diag_wrap=off --display_error_number --enum_type=packed --abi=eabi --preproc_with_compile --preproc_dependency="source/HL_nmpu.d_raw" --obj_directory="source"  "../source/HL_nmpu.c"
Finished building: "../source/HL_nmpu.c"
 
Building file: "../source/HL_notification.c"
Invoking: Arm Compiler
"C:/ti/ccs1281/ccs/tools/compiler/ti-cgt-arm_20.2.7.LTS/bin/armcl" -mv7R5 --code_state=32 --float_support=VFPv3D16 --include_path="C:/Users/npyla/Documents/_dev/_embedded/ws_test/test/include" --include_path="C:/Users/npyla/Documents/_dev/_embedded/ws_test/test/components/fw_dio" --include_path="C:/Users/npyla/Documents/_dev/_embedded/ws_test/test" --include_path="C:/ti/ccs1281/ccs/tools/compiler/ti-cgt-arm_20.2.7.LTS/include" -g --diag_warning=225 --diag_wrap=off --display_error_number --enum_type=packed --abi=eabi --preproc_with_compile --preproc_dependency="source/HL_notification.d_raw" --obj_directory="source"  "../source/HL_notification.c"
Finished building: "../source/HL_notification.c"
 
Building file: "../source/HL_sys_core.asm"
Invoking: Arm Compiler
"C:/ti/ccs1281/ccs/tools/compiler/ti-cgt-arm_20.2.7.LTS/bin/armcl" -mv7R5 --code_state=32 --float_support=VFPv3D16 --include_path="C:/Users/npyla/Documents/_dev/_embedded/ws_test/test/include" --include_path="C:/Users/npyla/Documents/_dev/_embedded/ws_test/test/components/fw_dio" --include_path="C:/Users/npyla/Documents/_dev/_embedded/ws_test/test" --include_path="C:/ti/ccs1281/ccs/tools/compiler/ti-cgt-arm_20.2.7.LTS/include" -g --diag_warning=225 --diag_wrap=off --display_error_number --enum_type=packed --abi=eabi --preproc_with_compile --preproc_dependency="source/HL_sys_core.d_raw" --obj_directory="source"  "../source/HL_sys_core.asm"
Finished building: "../source/HL_sys_core.asm"
 
Building file: "../source/HL_pinmux.c"
Invoking: Arm Compiler
"C:/ti/ccs1281/ccs/tools/compiler/ti-cgt-arm_20.2.7.LTS/bin/armcl" -mv7R5 --code_state=32 --float_support=VFPv3D16 --include_path="C:/Users/npyla/Documents/_dev/_embedded/ws_test/test/include" --include_path="C:/Users/npyla/Documents/_dev/_embedded/ws_test/test/components/fw_dio" --include_path="C:/Users/npyla/Documents/_dev/_embedded/ws_test/test" --include_path="C:/ti/ccs1281/ccs/tools/compiler/ti-cgt-arm_20.2.7.LTS/include" -g --diag_warning=225 --diag_wrap=off --display_error_number --enum_type=packed --abi=eabi --preproc_with_compile --preproc_dependency="source/HL_pinmux.d_raw" --obj_directory="source"  "../source/HL_pinmux.c"
Finished building: "../source/HL_pinmux.c"
 
Building file: "../source/HL_sys_intvecs.asm"
Invoking: Arm Compiler
"C:/ti/ccs1281/ccs/tools/compiler/ti-cgt-arm_20.2.7.LTS/bin/armcl" -mv7R5 --code_state=32 --float_support=VFPv3D16 --include_path="C:/Users/npyla/Documents/_dev/_embedded/ws_test/test/include" --include_path="C:/Users/npyla/Documents/_dev/_embedded/ws_test/test/components/fw_dio" --include_path="C:/Users/npyla/Documents/_dev/_embedded/ws_test/test" --include_path="C:/ti/ccs1281/ccs/tools/compiler/ti-cgt-arm_20.2.7.LTS/include" -g --diag_warning=225 --diag_wrap=off --display_error_number --enum_type=packed --abi=eabi --preproc_with_compile --preproc_dependency="source/HL_sys_intvecs.d_raw" --obj_directory="source"  "../source/HL_sys_intvecs.asm"
Finished building: "../source/HL_sys_intvecs.asm"
 
Building file: "../source/HL_sys_mpu.asm"
Invoking: Arm Compiler
"C:/ti/ccs1281/ccs/tools/compiler/ti-cgt-arm_20.2.7.LTS/bin/armcl" -mv7R5 --code_state=32 --float_support=VFPv3D16 --include_path="C:/Users/npyla/Documents/_dev/_embedded/ws_test/test/include" --include_path="C:/Users/npyla/Documents/_dev/_embedded/ws_test/test/components/fw_dio" --include_path="C:/Users/npyla/Documents/_dev/_embedded/ws_test/test" --include_path="C:/ti/ccs1281/ccs/tools/compiler/ti-cgt-arm_20.2.7.LTS/include" -g --diag_warning=225 --diag_wrap=off --display_error_number --enum_type=packed --abi=eabi --preproc_with_compile --preproc_dependency="source/HL_sys_mpu.d_raw" --obj_directory="source"  "../source/HL_sys_mpu.asm"
Finished building: "../source/HL_sys_mpu.asm"
 
Building file: "../source/HL_sys_dma.c"
Invoking: Arm Compiler
"C:/ti/ccs1281/ccs/tools/compiler/ti-cgt-arm_20.2.7.LTS/bin/armcl" -mv7R5 --code_state=32 --float_support=VFPv3D16 --include_path="C:/Users/npyla/Documents/_dev/_embedded/ws_test/test/include" --include_path="C:/Users/npyla/Documents/_dev/_embedded/ws_test/test/components/fw_dio" --include_path="C:/Users/npyla/Documents/_dev/_embedded/ws_test/test" --include_path="C:/ti/ccs1281/ccs/tools/compiler/ti-cgt-arm_20.2.7.LTS/include" -g --diag_warning=225 --diag_wrap=off --display_error_number --enum_type=packed --abi=eabi --preproc_with_compile --preproc_dependency="source/HL_sys_dma.d_raw" --obj_directory="source"  "../source/HL_sys_dma.c"
Finished building: "../source/HL_sys_dma.c"
 
Building file: "../source/HL_sys_phantom.c"
Invoking: Arm Compiler
"C:/ti/ccs1281/ccs/tools/compiler/ti-cgt-arm_20.2.7.LTS/bin/armcl" -mv7R5 --code_state=32 --float_support=VFPv3D16 --include_path="C:/Users/npyla/Documents/_dev/_embedded/ws_test/test/include" --include_path="C:/Users/npyla/Documents/_dev/_embedded/ws_test/test/components/fw_dio" --include_path="C:/Users/npyla/Documents/_dev/_embedded/ws_test/test" --include_path="C:/ti/ccs1281/ccs/tools/compiler/ti-cgt-arm_20.2.7.LTS/include" -g --diag_warning=225 --diag_wrap=off --display_error_number --enum_type=packed --abi=eabi --preproc_with_compile --preproc_dependency="source/HL_sys_phantom.d_raw" --obj_directory="source"  "../source/HL_sys_phantom.c"
Finished building: "../source/HL_sys_phantom.c"
 
Building file: "../source/HL_sys_pmm.c"
Invoking: Arm Compiler
"C:/ti/ccs1281/ccs/tools/compiler/ti-cgt-arm_20.2.7.LTS/bin/armcl" -mv7R5 --code_state=32 --float_support=VFPv3D16 --include_path="C:/Users/npyla/Documents/_dev/_embedded/ws_test/test/include" --include_path="C:/Users/npyla/Documents/_dev/_embedded/ws_test/test/components/fw_dio" --include_path="C:/Users/npyla/Documents/_dev/_embedded/ws_test/test" --include_path="C:/ti/ccs1281/ccs/tools/compiler/ti-cgt-arm_20.2.7.LTS/include" -g --diag_warning=225 --diag_wrap=off --display_error_number --enum_type=packed --abi=eabi --preproc_with_compile --preproc_dependency="source/HL_sys_pmm.d_raw" --obj_directory="source"  "../source/HL_sys_pmm.c"
Finished building: "../source/HL_sys_pmm.c"
 
Building file: "../source/HL_sys_pcr.c"
Invoking: Arm Compiler
"C:/ti/ccs1281/ccs/tools/compiler/ti-cgt-arm_20.2.7.LTS/bin/armcl" -mv7R5 --code_state=32 --float_support=VFPv3D16 --include_path="C:/Users/npyla/Documents/_dev/_embedded/ws_test/test/include" --include_path="C:/Users/npyla/Documents/_dev/_embedded/ws_test/test/components/fw_dio" --include_path="C:/Users/npyla/Documents/_dev/_embedded/ws_test/test" --include_path="C:/ti/ccs1281/ccs/tools/compiler/ti-cgt-arm_20.2.7.LTS/include" -g --diag_warning=225 --diag_wrap=off --display_error_number --enum_type=packed --abi=eabi --preproc_with_compile --preproc_dependency="source/HL_sys_pcr.d_raw" --obj_directory="source"  "../source/HL_sys_pcr.c"
Finished building: "../source/HL_sys_pcr.c"
 
Building file: "../source/HL_sys_pmu.asm"
Invoking: Arm Compiler
"C:/ti/ccs1281/ccs/tools/compiler/ti-cgt-arm_20.2.7.LTS/bin/armcl" -mv7R5 --code_state=32 --float_support=VFPv3D16 --include_path="C:/Users/npyla/Documents/_dev/_embedded/ws_test/test/include" --include_path="C:/Users/npyla/Documents/_dev/_embedded/ws_test/test/components/fw_dio" --include_path="C:/Users/npyla/Documents/_dev/_embedded/ws_test/test" --include_path="C:/ti/ccs1281/ccs/tools/compiler/ti-cgt-arm_20.2.7.LTS/include" -g --diag_warning=225 --diag_wrap=off --display_error_number --enum_type=packed --abi=eabi --preproc_with_compile --preproc_dependency="source/HL_sys_pmu.d_raw" --obj_directory="source"  "../source/HL_sys_pmu.asm"
Finished building: "../source/HL_sys_pmu.asm"
 
Building file: "../source/HL_sys_startup.c"
Invoking: Arm Compiler
"C:/ti/ccs1281/ccs/tools/compiler/ti-cgt-arm_20.2.7.LTS/bin/armcl" -mv7R5 --code_state=32 --float_support=VFPv3D16 --include_path="C:/Users/npyla/Documents/_dev/_embedded/ws_test/test/include" --include_path="C:/Users/npyla/Documents/_dev/_embedded/ws_test/test/components/fw_dio" --include_path="C:/Users/npyla/Documents/_dev/_embedded/ws_test/test" --include_path="C:/ti/ccs1281/ccs/tools/compiler/ti-cgt-arm_20.2.7.LTS/include" -g --diag_warning=225 --diag_wrap=off --display_error_number --enum_type=packed --abi=eabi --preproc_with_compile --preproc_dependency="source/HL_sys_startup.d_raw" --obj_directory="source"  "../source/HL_sys_startup.c"
Finished building: "../source/HL_sys_startup.c"
 
Building file: "../source/os_croutine.c"
Invoking: Arm Compiler
"C:/ti/ccs1281/ccs/tools/compiler/ti-cgt-arm_20.2.7.LTS/bin/armcl" -mv7R5 --code_state=32 --float_support=VFPv3D16 --include_path="C:/Users/npyla/Documents/_dev/_embedded/ws_test/test/include" --include_path="C:/Users/npyla/Documents/_dev/_embedded/ws_test/test/components/fw_dio" --include_path="C:/Users/npyla/Documents/_dev/_embedded/ws_test/test" --include_path="C:/ti/ccs1281/ccs/tools/compiler/ti-cgt-arm_20.2.7.LTS/include" -g --diag_warning=225 --diag_wrap=off --display_error_number --enum_type=packed --abi=eabi --preproc_with_compile --preproc_dependency="source/os_croutine.d_raw" --obj_directory="source"  "../source/os_croutine.c"
Finished building: "../source/os_croutine.c"
 
Building file: "../source/HL_system.c"
Invoking: Arm Compiler
"C:/ti/ccs1281/ccs/tools/compiler/ti-cgt-arm_20.2.7.LTS/bin/armcl" -mv7R5 --code_state=32 --float_support=VFPv3D16 --include_path="C:/Users/npyla/Documents/_dev/_embedded/ws_test/test/include" --include_path="C:/Users/npyla/Documents/_dev/_embedded/ws_test/test/components/fw_dio" --include_path="C:/Users/npyla/Documents/_dev/_embedded/ws_test/test" --include_path="C:/ti/ccs1281/ccs/tools/compiler/ti-cgt-arm_20.2.7.LTS/include" -g --diag_warning=225 --diag_wrap=off --display_error_number --enum_type=packed --abi=eabi --preproc_with_compile --preproc_dependency="source/HL_system.d_raw" --obj_directory="source"  "../source/HL_system.c"
Finished building: "../source/HL_system.c"
 
Building file: "../source/HL_sys_vim.c"
Invoking: Arm Compiler
"C:/ti/ccs1281/ccs/tools/compiler/ti-cgt-arm_20.2.7.LTS/bin/armcl" -mv7R5 --code_state=32 --float_support=VFPv3D16 --include_path="C:/Users/npyla/Documents/_dev/_embedded/ws_test/test/include" --include_path="C:/Users/npyla/Documents/_dev/_embedded/ws_test/test/components/fw_dio" --include_path="C:/Users/npyla/Documents/_dev/_embedded/ws_test/test" --include_path="C:/ti/ccs1281/ccs/tools/compiler/ti-cgt-arm_20.2.7.LTS/include" -g --diag_warning=225 --diag_wrap=off --display_error_number --enum_type=packed --abi=eabi --preproc_with_compile --preproc_dependency="source/HL_sys_vim.d_raw" --obj_directory="source"  "../source/HL_sys_vim.c"
Finished building: "../source/HL_sys_vim.c"
 
Building file: "../source/os_event_groups.c"
Invoking: Arm Compiler
"C:/ti/ccs1281/ccs/tools/compiler/ti-cgt-arm_20.2.7.LTS/bin/armcl" -mv7R5 --code_state=32 --float_support=VFPv3D16 --include_path="C:/Users/npyla/Documents/_dev/_embedded/ws_test/test/include" --include_path="C:/Users/npyla/Documents/_dev/_embedded/ws_test/test/components/fw_dio" --include_path="C:/Users/npyla/Documents/_dev/_embedded/ws_test/test" --include_path="C:/ti/ccs1281/ccs/tools/compiler/ti-cgt-arm_20.2.7.LTS/include" -g --diag_warning=225 --diag_wrap=off --display_error_number --enum_type=packed --abi=eabi --preproc_with_compile --preproc_dependency="source/os_event_groups.d_raw" --obj_directory="source"  "../source/os_event_groups.c"
Finished building: "../source/os_event_groups.c"
 
Building file: "../source/os_heap.c"
Invoking: Arm Compiler
"C:/ti/ccs1281/ccs/tools/compiler/ti-cgt-arm_20.2.7.LTS/bin/armcl" -mv7R5 --code_state=32 --float_support=VFPv3D16 --include_path="C:/Users/npyla/Documents/_dev/_embedded/ws_test/test/include" --include_path="C:/Users/npyla/Documents/_dev/_embedded/ws_test/test/components/fw_dio" --include_path="C:/Users/npyla/Documents/_dev/_embedded/ws_test/test" --include_path="C:/ti/ccs1281/ccs/tools/compiler/ti-cgt-arm_20.2.7.LTS/include" -g --diag_warning=225 --diag_wrap=off --display_error_number --enum_type=packed --abi=eabi --preproc_with_compile --preproc_dependency="source/os_heap.d_raw" --obj_directory="source"  "../source/os_heap.c"
Finished building: "../source/os_heap.c"
 
Building file: "../source/os_list.c"
Invoking: Arm Compiler
"C:/ti/ccs1281/ccs/tools/compiler/ti-cgt-arm_20.2.7.LTS/bin/armcl" -mv7R5 --code_state=32 --float_support=VFPv3D16 --include_path="C:/Users/npyla/Documents/_dev/_embedded/ws_test/test/include" --include_path="C:/Users/npyla/Documents/_dev/_embedded/ws_test/test/components/fw_dio" --include_path="C:/Users/npyla/Documents/_dev/_embedded/ws_test/test" --include_path="C:/ti/ccs1281/ccs/tools/compiler/ti-cgt-arm_20.2.7.LTS/include" -g --diag_warning=225 --diag_wrap=off --display_error_number --enum_type=packed --abi=eabi --preproc_with_compile --preproc_dependency="source/os_list.d_raw" --obj_directory="source"  "../source/os_list.c"
Finished building: "../source/os_list.c"
 
Building file: "../source/os_port.c"
Invoking: Arm Compiler
"C:/ti/ccs1281/ccs/tools/compiler/ti-cgt-arm_20.2.7.LTS/bin/armcl" -mv7R5 --code_state=32 --float_support=VFPv3D16 --include_path="C:/Users/npyla/Documents/_dev/_embedded/ws_test/test/include" --include_path="C:/Users/npyla/Documents/_dev/_embedded/ws_test/test/components/fw_dio" --include_path="C:/Users/npyla/Documents/_dev/_embedded/ws_test/test" --include_path="C:/ti/ccs1281/ccs/tools/compiler/ti-cgt-arm_20.2.7.LTS/include" -g --diag_warning=225 --diag_wrap=off --display_error_number --enum_type=packed --abi=eabi --preproc_with_compile --preproc_dependency="source/os_port.d_raw" --obj_directory="source"  "../source/os_port.c"
Finished building: "../source/os_port.c"
 
Building file: "../source/os_mpu_wrappers.c"
Invoking: Arm Compiler
"C:/ti/ccs1281/ccs/tools/compiler/ti-cgt-arm_20.2.7.LTS/bin/armcl" -mv7R5 --code_state=32 --float_support=VFPv3D16 --include_path="C:/Users/npyla/Documents/_dev/_embedded/ws_test/test/include" --include_path="C:/Users/npyla/Documents/_dev/_embedded/ws_test/test/components/fw_dio" --include_path="C:/Users/npyla/Documents/_dev/_embedded/ws_test/test" --include_path="C:/ti/ccs1281/ccs/tools/compiler/ti-cgt-arm_20.2.7.LTS/include" -g --diag_warning=225 --diag_wrap=off --display_error_number --enum_type=packed --abi=eabi --preproc_with_compile --preproc_dependency="source/os_mpu_wrappers.d_raw" --obj_directory="source"  "../source/os_mpu_wrappers.c"
Finished building: "../source/os_mpu_wrappers.c"
 
Building file: "../source/os_portasm.asm"
Invoking: Arm Compiler
"C:/ti/ccs1281/ccs/tools/compiler/ti-cgt-arm_20.2.7.LTS/bin/armcl" -mv7R5 --code_state=32 --float_support=VFPv3D16 --include_path="C:/Users/npyla/Documents/_dev/_embedded/ws_test/test/include" --include_path="C:/Users/npyla/Documents/_dev/_embedded/ws_test/test/components/fw_dio" --include_path="C:/Users/npyla/Documents/_dev/_embedded/ws_test/test" --include_path="C:/ti/ccs1281/ccs/tools/compiler/ti-cgt-arm_20.2.7.LTS/include" -g --diag_warning=225 --diag_wrap=off --display_error_number --enum_type=packed --abi=eabi --preproc_with_compile --preproc_dependency="source/os_portasm.d_raw" --obj_directory="source"  "../source/os_portasm.asm"
Finished building: "../source/os_portasm.asm"
 
Building file: "../source/os_timer.c"
Invoking: Arm Compiler
"C:/ti/ccs1281/ccs/tools/compiler/ti-cgt-arm_20.2.7.LTS/bin/armcl" -mv7R5 --code_state=32 --float_support=VFPv3D16 --include_path="C:/Users/npyla/Documents/_dev/_embedded/ws_test/test/include" --include_path="C:/Users/npyla/Documents/_dev/_embedded/ws_test/test/components/fw_dio" --include_path="C:/Users/npyla/Documents/_dev/_embedded/ws_test/test" --include_path="C:/ti/ccs1281/ccs/tools/compiler/ti-cgt-arm_20.2.7.LTS/include" -g --diag_warning=225 --diag_wrap=off --display_error_number --enum_type=packed --abi=eabi --preproc_with_compile --preproc_dependency="source/os_timer.d_raw" --obj_directory="source"  "../source/os_timer.c"
Finished building: "../source/os_timer.c"
 
Building file: "../source/os_queue.c"
Invoking: Arm Compiler
"C:/ti/ccs1281/ccs/tools/compiler/ti-cgt-arm_20.2.7.LTS/bin/armcl" -mv7R5 --code_state=32 --float_support=VFPv3D16 --include_path="C:/Users/npyla/Documents/_dev/_embedded/ws_test/test/include" --include_path="C:/Users/npyla/Documents/_dev/_embedded/ws_test/test/components/fw_dio" --include_path="C:/Users/npyla/Documents/_dev/_embedded/ws_test/test" --include_path="C:/ti/ccs1281/ccs/tools/compiler/ti-cgt-arm_20.2.7.LTS/include" -g --diag_warning=225 --diag_wrap=off --display_error_number --enum_type=packed --abi=eabi --preproc_with_compile --preproc_dependency="source/os_queue.d_raw" --obj_directory="source"  "../source/os_queue.c"
Finished building: "../source/os_queue.c"
 
Building file: "../source/os_tasks.c"
Invoking: Arm Compiler
"C:/ti/ccs1281/ccs/tools/compiler/ti-cgt-arm_20.2.7.LTS/bin/armcl" -mv7R5 --code_state=32 --float_support=VFPv3D16 --include_path="C:/Users/npyla/Documents/_dev/_embedded/ws_test/test/include" --include_path="C:/Users/npyla/Documents/_dev/_embedded/ws_test/test/components/fw_dio" --include_path="C:/Users/npyla/Documents/_dev/_embedded/ws_test/test" --include_path="C:/ti/ccs1281/ccs/tools/compiler/ti-cgt-arm_20.2.7.LTS/include" -g --diag_warning=225 --diag_wrap=off --display_error_number --enum_type=packed --abi=eabi --preproc_with_compile --preproc_dependency="source/os_tasks.d_raw" --obj_directory="source"  "../source/os_tasks.c"
Finished building: "../source/os_tasks.c"
 
gmake: Target 'all' not remade because of errors.

**** Build Finished ****

**** Build of configuration Debug for project test ****

"C:\\ti\\ccs1281\\ccs\\utils\\bin\\gmake" -k -j 12 all -O 
 
Building file: "../main.c"
Invoking: Arm Compiler
"C:/ti/ccs1281/ccs/tools/compiler/ti-cgt-arm_20.2.7.LTS/bin/armcl" -mv7R5 --code_state=32 --float_support=VFPv3D16 --include_path="C:/Users/npyla/Documents/_dev/_embedded/ws_test/test/include" --include_path="C:/Users/npyla/Documents/_dev/_embedded/ws_test/test/components/fw_dio" --include_path="C:/Users/npyla/Documents/_dev/_embedded/ws_test/test" --include_path="C:/ti/ccs1281/ccs/tools/compiler/ti-cgt-arm_20.2.7.LTS/include" -g --diag_warning=225 --diag_wrap=off --display_error_number --enum_type=packed --abi=eabi --preproc_with_compile --preproc_dependency="main.d_raw"  "../main.c"
 
>> Compilation failure
subdir_rules.mk:9: recipe for target 'main.obj' failed
"C:/Users/npyla/Documents/_dev/_embedded/ws_test/test/components/fw_dio/fw_dio.h", line 31: fatal error #1965: cannot open source file "fw_globals.h"
1 catastrophic error detected in the compilation of "../main.c".
Compilation terminated.
gmake: *** [main.obj] Error 1
Building file: "../components/fw_dio/fw_dio.c"
Invoking: Arm Compiler
"C:/ti/ccs1281/ccs/tools/compiler/ti-cgt-arm_20.2.7.LTS/bin/armcl" -mv7R5 --code_state=32 --float_support=VFPv3D16 --include_path="C:/Users/npyla/Documents/_dev/_embedded/ws_test/test/include" --include_path="C:/Users/npyla/Documents/_dev/_embedded/ws_test/test/components/fw_dio" --include_path="C:/Users/npyla/Documents/_dev/_embedded/ws_test/test" --include_path="C:/ti/ccs1281/ccs/tools/compiler/ti-cgt-arm_20.2.7.LTS/include" -g --diag_warning=225 --diag_wrap=off --display_error_number --enum_type=packed --abi=eabi --preproc_with_compile --preproc_dependency="components/fw_dio/fw_dio.d_raw" --obj_directory="components/fw_dio"  "../components/fw_dio/fw_dio.c"
 
>> Compilation failure
components/fw_dio/subdir_rules.mk:9: recipe for target 'components/fw_dio/fw_dio.obj' failed
"..\components\fw_dio\fw_dio.h", line 31: fatal error #1965: cannot open source file "fw_globals.h"
1 catastrophic error detected in the compilation of "../components/fw_dio/fw_dio.c".
Compilation terminated.
gmake: *** [components/fw_dio/fw_dio.obj] Error 1
gmake: Target 'all' not remade because of errors.

**** Build Finished ****

**** Build of configuration Debug for project test ****

"C:\\ti\\ccs1281\\ccs\\utils\\bin\\gmake" -k -j 12 all -O 
 
Building file: "../main.c"
Invoking: Arm Compiler
"C:/ti/ccs1281/ccs/tools/compiler/ti-cgt-arm_20.2.7.LTS/bin/armcl" -mv7R5 --code_state=32 --float_support=VFPv3D16 --include_path="C:/Users/npyla/Documents/_dev/_embedded/ws_test/test/include" --include_path="C:/Users/npyla/Documents/_dev/_embedded/ws_test/test/components/fw_dio" --include_path="C:/Users/npyla/Documents/_dev/_embedded/ws_test/test/components/fw_globals" --include_path="C:/Users/npyla/Documents/_dev/_embedded/ws_test/test" --include_path="C:/ti/ccs1281/ccs/tools/compiler/ti-cgt-arm_20.2.7.LTS/include" -g --diag_warning=225 --diag_wrap=off --display_error_number --enum_type=packed --abi=eabi --preproc_with_compile --preproc_dependency="main.d_raw"  "../main.c"
 
>> Compilation failure
subdir_rules.mk:9: recipe for target 'main.obj' failed
"C:/Users/npyla/Documents/_dev/_embedded/ws_test/test/components/fw_dio/fw_dio.h", line 109: warning #869-D: type qualifier on return type is meaningless
"C:/Users/npyla/Documents/_dev/_embedded/ws_test/test/components/fw_dio/fw_dio.h", line 110: warning #869-D: type qualifier on return type is meaningless
"../main.c", line 22: warning #225-D: function "gioToggleBit" declared implicitly
"../main.c", line 22: error #20: identifier "gioPORTB" is undefined
"../main.c", line 25: error #20: identifier "i" is undefined
2 errors detected in the compilation of "../main.c".
gmake: *** [main.obj] Error 1
Building file: "../components/fw_dio/fw_dio.c"
Invoking: Arm Compiler
"C:/ti/ccs1281/ccs/tools/compiler/ti-cgt-arm_20.2.7.LTS/bin/armcl" -mv7R5 --code_state=32 --float_support=VFPv3D16 --include_path="C:/Users/npyla/Documents/_dev/_embedded/ws_test/test/include" --include_path="C:/Users/npyla/Documents/_dev/_embedded/ws_test/test/components/fw_dio" --include_path="C:/Users/npyla/Documents/_dev/_embedded/ws_test/test/components/fw_globals" --include_path="C:/Users/npyla/Documents/_dev/_embedded/ws_test/test" --include_path="C:/ti/ccs1281/ccs/tools/compiler/ti-cgt-arm_20.2.7.LTS/include" -g --diag_warning=225 --diag_wrap=off --display_error_number --enum_type=packed --abi=eabi --preproc_with_compile --preproc_dependency="components/fw_dio/fw_dio.d_raw" --obj_directory="components/fw_dio"  "../components/fw_dio/fw_dio.c"
 
>> Compilation failure
components/fw_dio/subdir_rules.mk:9: recipe for target 'components/fw_dio/fw_dio.obj' failed
"..\components\fw_dio\fw_dio.h", line 109: warning #869-D: type qualifier on return type is meaningless
"..\components\fw_dio\fw_dio.h", line 110: warning #869-D: type qualifier on return type is meaningless
"../components/fw_dio/fw_dio.c", line 96: error #20: identifier "S_DM_DIGITAL_IO" is undefined
"../components/fw_dio/fw_dio.c", line 96: error #20: identifier "ptr_dm_digital_outputs" is undefined
"../components/fw_dio/fw_dio.c", line 96: error #29: expected an expression
"../components/fw_dio/fw_dio.c", line 96: error #66: expected a ";"
"../components/fw_dio/fw_dio.c", line 104: warning #225-D: function "gioSetBit" declared implicitly
"../components/fw_dio/fw_dio.c", line 119: error #20: identifier "S_DM_DIGITAL_IO" is undefined
"../components/fw_dio/fw_dio.c", line 119: error #20: identifier "ptr_dm_digital_inputs" is undefined
"../components/fw_dio/fw_dio.c", line 119: error #29: expected an expression
"../components/fw_dio/fw_dio.c", line 119: error #66: expected a ";"
"../components/fw_dio/fw_dio.c", line 122: warning #188-D: pointless comparison of unsigned integer with zero
"../components/fw_dio/fw_dio.c", line 127: warning #225-D: function "gioGetBit" declared implicitly
"../components/fw_dio/fw_dio.c", line 152: warning #869-D: type qualifier on return type is meaningless
"../components/fw_dio/fw_dio.c", line 225: warning #869-D: type qualifier on return type is meaningless
"../components/fw_dio/fw_dio.c", line 292: warning #145-D: a value of type "const S_DIO_OUTPUT_PIN_DEF *" cannot be used to initialize an entity of type "S_DIO_OUTPUT_PIN_DEF *"
"../components/fw_dio/fw_dio.c", line 299: warning #238-D: controlling expression is constant
8 errors detected in the compilation of "../components/fw_dio/fw_dio.c".
gmake: *** [components/fw_dio/fw_dio.obj] Error 1
Building file: "../components/fw_globals/_svc.asm"
Invoking: Arm Compiler
"C:/ti/ccs1281/ccs/tools/compiler/ti-cgt-arm_20.2.7.LTS/bin/armcl" -mv7R5 --code_state=32 --float_support=VFPv3D16 --include_path="C:/Users/npyla/Documents/_dev/_embedded/ws_test/test/include" --include_path="C:/Users/npyla/Documents/_dev/_embedded/ws_test/test/components/fw_dio" --include_path="C:/Users/npyla/Documents/_dev/_embedded/ws_test/test/components/fw_globals" --include_path="C:/Users/npyla/Documents/_dev/_embedded/ws_test/test" --include_path="C:/ti/ccs1281/ccs/tools/compiler/ti-cgt-arm_20.2.7.LTS/include" -g --diag_warning=225 --diag_wrap=off --display_error_number --enum_type=packed --abi=eabi --preproc_with_compile --preproc_dependency="components/fw_globals/_svc.d_raw" --obj_directory="components/fw_globals"  "../components/fw_globals/_svc.asm"
Finished building: "../components/fw_globals/_svc.asm"
 
Building file: "../components/fw_globals/fw_globals.c"
Invoking: Arm Compiler
"C:/ti/ccs1281/ccs/tools/compiler/ti-cgt-arm_20.2.7.LTS/bin/armcl" -mv7R5 --code_state=32 --float_support=VFPv3D16 --include_path="C:/Users/npyla/Documents/_dev/_embedded/ws_test/test/include" --include_path="C:/Users/npyla/Documents/_dev/_embedded/ws_test/test/components/fw_dio" --include_path="C:/Users/npyla/Documents/_dev/_embedded/ws_test/test/components/fw_globals" --include_path="C:/Users/npyla/Documents/_dev/_embedded/ws_test/test" --include_path="C:/ti/ccs1281/ccs/tools/compiler/ti-cgt-arm_20.2.7.LTS/include" -g --diag_warning=225 --diag_wrap=off --display_error_number --enum_type=packed --abi=eabi --preproc_with_compile --preproc_dependency="components/fw_globals/fw_globals.d_raw" --obj_directory="components/fw_globals"  "../components/fw_globals/fw_globals.c"
Finished building: "../components/fw_globals/fw_globals.c"
 
Building file: "../components/fw_globals/svc.c"
Invoking: Arm Compiler
"C:/ti/ccs1281/ccs/tools/compiler/ti-cgt-arm_20.2.7.LTS/bin/armcl" -mv7R5 --code_state=32 --float_support=VFPv3D16 --include_path="C:/Users/npyla/Documents/_dev/_embedded/ws_test/test/include" --include_path="C:/Users/npyla/Documents/_dev/_embedded/ws_test/test/components/fw_dio" --include_path="C:/Users/npyla/Documents/_dev/_embedded/ws_test/test/components/fw_globals" --include_path="C:/Users/npyla/Documents/_dev/_embedded/ws_test/test" --include_path="C:/ti/ccs1281/ccs/tools/compiler/ti-cgt-arm_20.2.7.LTS/include" -g --diag_warning=225 --diag_wrap=off --display_error_number --enum_type=packed --abi=eabi --preproc_with_compile --preproc_dependency="components/fw_globals/svc.d_raw" --obj_directory="components/fw_globals"  "../components/fw_globals/svc.c"
Finished building: "../components/fw_globals/svc.c"
 
Building file: "../source/HL_epc.c"
Invoking: Arm Compiler
"C:/ti/ccs1281/ccs/tools/compiler/ti-cgt-arm_20.2.7.LTS/bin/armcl" -mv7R5 --code_state=32 --float_support=VFPv3D16 --include_path="C:/Users/npyla/Documents/_dev/_embedded/ws_test/test/include" --include_path="C:/Users/npyla/Documents/_dev/_embedded/ws_test/test/components/fw_dio" --include_path="C:/Users/npyla/Documents/_dev/_embedded/ws_test/test/components/fw_globals" --include_path="C:/Users/npyla/Documents/_dev/_embedded/ws_test/test" --include_path="C:/ti/ccs1281/ccs/tools/compiler/ti-cgt-arm_20.2.7.LTS/include" -g --diag_warning=225 --diag_wrap=off --display_error_number --enum_type=packed --abi=eabi --preproc_with_compile --preproc_dependency="source/HL_epc.d_raw" --obj_directory="source"  "../source/HL_epc.c"
Finished building: "../source/HL_epc.c"
 
Building file: "../source/HL_errata.c"
Invoking: Arm Compiler
"C:/ti/ccs1281/ccs/tools/compiler/ti-cgt-arm_20.2.7.LTS/bin/armcl" -mv7R5 --code_state=32 --float_support=VFPv3D16 --include_path="C:/Users/npyla/Documents/_dev/_embedded/ws_test/test/include" --include_path="C:/Users/npyla/Documents/_dev/_embedded/ws_test/test/components/fw_dio" --include_path="C:/Users/npyla/Documents/_dev/_embedded/ws_test/test/components/fw_globals" --include_path="C:/Users/npyla/Documents/_dev/_embedded/ws_test/test" --include_path="C:/ti/ccs1281/ccs/tools/compiler/ti-cgt-arm_20.2.7.LTS/include" -g --diag_warning=225 --diag_wrap=off --display_error_number --enum_type=packed --abi=eabi --preproc_with_compile --preproc_dependency="source/HL_errata.d_raw" --obj_directory="source"  "../source/HL_errata.c"
Finished building: "../source/HL_errata.c"
 
Building file: "../source/HL_errata_SSWF021_45.c"
Invoking: Arm Compiler
"C:/ti/ccs1281/ccs/tools/compiler/ti-cgt-arm_20.2.7.LTS/bin/armcl" -mv7R5 --code_state=32 --float_support=VFPv3D16 --include_path="C:/Users/npyla/Documents/_dev/_embedded/ws_test/test/include" --include_path="C:/Users/npyla/Documents/_dev/_embedded/ws_test/test/components/fw_dio" --include_path="C:/Users/npyla/Documents/_dev/_embedded/ws_test/test/components/fw_globals" --include_path="C:/Users/npyla/Documents/_dev/_embedded/ws_test/test" --include_path="C:/ti/ccs1281/ccs/tools/compiler/ti-cgt-arm_20.2.7.LTS/include" -g --diag_warning=225 --diag_wrap=off --display_error_number --enum_type=packed --abi=eabi --preproc_with_compile --preproc_dependency="source/HL_errata_SSWF021_45.d_raw" --obj_directory="source"  "../source/HL_errata_SSWF021_45.c"
Finished building: "../source/HL_errata_SSWF021_45.c"
 
Building file: "../source/HL_esm.c"
Invoking: Arm Compiler
"C:/ti/ccs1281/ccs/tools/compiler/ti-cgt-arm_20.2.7.LTS/bin/armcl" -mv7R5 --code_state=32 --float_support=VFPv3D16 --include_path="C:/Users/npyla/Documents/_dev/_embedded/ws_test/test/include" --include_path="C:/Users/npyla/Documents/_dev/_embedded/ws_test/test/components/fw_dio" --include_path="C:/Users/npyla/Documents/_dev/_embedded/ws_test/test/components/fw_globals" --include_path="C:/Users/npyla/Documents/_dev/_embedded/ws_test/test" --include_path="C:/ti/ccs1281/ccs/tools/compiler/ti-cgt-arm_20.2.7.LTS/include" -g --diag_warning=225 --diag_wrap=off --display_error_number --enum_type=packed --abi=eabi --preproc_with_compile --preproc_dependency="source/HL_esm.d_raw" --obj_directory="source"  "../source/HL_esm.c"
Finished building: "../source/HL_esm.c"
 
Building file: "../source/HL_gio.c"
Invoking: Arm Compiler
"C:/ti/ccs1281/ccs/tools/compiler/ti-cgt-arm_20.2.7.LTS/bin/armcl" -mv7R5 --code_state=32 --float_support=VFPv3D16 --include_path="C:/Users/npyla/Documents/_dev/_embedded/ws_test/test/include" --include_path="C:/Users/npyla/Documents/_dev/_embedded/ws_test/test/components/fw_dio" --include_path="C:/Users/npyla/Documents/_dev/_embedded/ws_test/test/components/fw_globals" --include_path="C:/Users/npyla/Documents/_dev/_embedded/ws_test/test" --include_path="C:/ti/ccs1281/ccs/tools/compiler/ti-cgt-arm_20.2.7.LTS/include" -g --diag_warning=225 --diag_wrap=off --display_error_number --enum_type=packed --abi=eabi --preproc_with_compile --preproc_dependency="source/HL_gio.d_raw" --obj_directory="source"  "../source/HL_gio.c"
Finished building: "../source/HL_gio.c"
 
Building file: "../source/HL_nmpu.c"
Invoking: Arm Compiler
"C:/ti/ccs1281/ccs/tools/compiler/ti-cgt-arm_20.2.7.LTS/bin/armcl" -mv7R5 --code_state=32 --float_support=VFPv3D16 --include_path="C:/Users/npyla/Documents/_dev/_embedded/ws_test/test/include" --include_path="C:/Users/npyla/Documents/_dev/_embedded/ws_test/test/components/fw_dio" --include_path="C:/Users/npyla/Documents/_dev/_embedded/ws_test/test/components/fw_globals" --include_path="C:/Users/npyla/Documents/_dev/_embedded/ws_test/test" --include_path="C:/ti/ccs1281/ccs/tools/compiler/ti-cgt-arm_20.2.7.LTS/include" -g --diag_warning=225 --diag_wrap=off --display_error_number --enum_type=packed --abi=eabi --preproc_with_compile --preproc_dependency="source/HL_nmpu.d_raw" --obj_directory="source"  "../source/HL_nmpu.c"
Finished building: "../source/HL_nmpu.c"
 
Building file: "../source/HL_notification.c"
Invoking: Arm Compiler
"C:/ti/ccs1281/ccs/tools/compiler/ti-cgt-arm_20.2.7.LTS/bin/armcl" -mv7R5 --code_state=32 --float_support=VFPv3D16 --include_path="C:/Users/npyla/Documents/_dev/_embedded/ws_test/test/include" --include_path="C:/Users/npyla/Documents/_dev/_embedded/ws_test/test/components/fw_dio" --include_path="C:/Users/npyla/Documents/_dev/_embedded/ws_test/test/components/fw_globals" --include_path="C:/Users/npyla/Documents/_dev/_embedded/ws_test/test" --include_path="C:/ti/ccs1281/ccs/tools/compiler/ti-cgt-arm_20.2.7.LTS/include" -g --diag_warning=225 --diag_wrap=off --display_error_number --enum_type=packed --abi=eabi --preproc_with_compile --preproc_dependency="source/HL_notification.d_raw" --obj_directory="source"  "../source/HL_notification.c"
Finished building: "../source/HL_notification.c"
 
Building file: "../source/HL_pinmux.c"
Invoking: Arm Compiler
"C:/ti/ccs1281/ccs/tools/compiler/ti-cgt-arm_20.2.7.LTS/bin/armcl" -mv7R5 --code_state=32 --float_support=VFPv3D16 --include_path="C:/Users/npyla/Documents/_dev/_embedded/ws_test/test/include" --include_path="C:/Users/npyla/Documents/_dev/_embedded/ws_test/test/components/fw_dio" --include_path="C:/Users/npyla/Documents/_dev/_embedded/ws_test/test/components/fw_globals" --include_path="C:/Users/npyla/Documents/_dev/_embedded/ws_test/test" --include_path="C:/ti/ccs1281/ccs/tools/compiler/ti-cgt-arm_20.2.7.LTS/include" -g --diag_warning=225 --diag_wrap=off --display_error_number --enum_type=packed --abi=eabi --preproc_with_compile --preproc_dependency="source/HL_pinmux.d_raw" --obj_directory="source"  "../source/HL_pinmux.c"
Finished building: "../source/HL_pinmux.c"
 
Building file: "../source/HL_sys_core.asm"
Invoking: Arm Compiler
"C:/ti/ccs1281/ccs/tools/compiler/ti-cgt-arm_20.2.7.LTS/bin/armcl" -mv7R5 --code_state=32 --float_support=VFPv3D16 --include_path="C:/Users/npyla/Documents/_dev/_embedded/ws_test/test/include" --include_path="C:/Users/npyla/Documents/_dev/_embedded/ws_test/test/components/fw_dio" --include_path="C:/Users/npyla/Documents/_dev/_embedded/ws_test/test/components/fw_globals" --include_path="C:/Users/npyla/Documents/_dev/_embedded/ws_test/test" --include_path="C:/ti/ccs1281/ccs/tools/compiler/ti-cgt-arm_20.2.7.LTS/include" -g --diag_warning=225 --diag_wrap=off --display_error_number --enum_type=packed --abi=eabi --preproc_with_compile --preproc_dependency="source/HL_sys_core.d_raw" --obj_directory="source"  "../source/HL_sys_core.asm"
Finished building: "../source/HL_sys_core.asm"
 
Building file: "../source/HL_sys_intvecs.asm"
Invoking: Arm Compiler
"C:/ti/ccs1281/ccs/tools/compiler/ti-cgt-arm_20.2.7.LTS/bin/armcl" -mv7R5 --code_state=32 --float_support=VFPv3D16 --include_path="C:/Users/npyla/Documents/_dev/_embedded/ws_test/test/include" --include_path="C:/Users/npyla/Documents/_dev/_embedded/ws_test/test/components/fw_dio" --include_path="C:/Users/npyla/Documents/_dev/_embedded/ws_test/test/components/fw_globals" --include_path="C:/Users/npyla/Documents/_dev/_embedded/ws_test/test" --include_path="C:/ti/ccs1281/ccs/tools/compiler/ti-cgt-arm_20.2.7.LTS/include" -g --diag_warning=225 --diag_wrap=off --display_error_number --enum_type=packed --abi=eabi --preproc_with_compile --preproc_dependency="source/HL_sys_intvecs.d_raw" --obj_directory="source"  "../source/HL_sys_intvecs.asm"
Finished building: "../source/HL_sys_intvecs.asm"
 
Building file: "../source/HL_sys_mpu.asm"
Invoking: Arm Compiler
"C:/ti/ccs1281/ccs/tools/compiler/ti-cgt-arm_20.2.7.LTS/bin/armcl" -mv7R5 --code_state=32 --float_support=VFPv3D16 --include_path="C:/Users/npyla/Documents/_dev/_embedded/ws_test/test/include" --include_path="C:/Users/npyla/Documents/_dev/_embedded/ws_test/test/components/fw_dio" --include_path="C:/Users/npyla/Documents/_dev/_embedded/ws_test/test/components/fw_globals" --include_path="C:/Users/npyla/Documents/_dev/_embedded/ws_test/test" --include_path="C:/ti/ccs1281/ccs/tools/compiler/ti-cgt-arm_20.2.7.LTS/include" -g --diag_warning=225 --diag_wrap=off --display_error_number --enum_type=packed --abi=eabi --preproc_with_compile --preproc_dependency="source/HL_sys_mpu.d_raw" --obj_directory="source"  "../source/HL_sys_mpu.asm"
Finished building: "../source/HL_sys_mpu.asm"
 
Building file: "../source/HL_sys_dma.c"
Invoking: Arm Compiler
"C:/ti/ccs1281/ccs/tools/compiler/ti-cgt-arm_20.2.7.LTS/bin/armcl" -mv7R5 --code_state=32 --float_support=VFPv3D16 --include_path="C:/Users/npyla/Documents/_dev/_embedded/ws_test/test/include" --include_path="C:/Users/npyla/Documents/_dev/_embedded/ws_test/test/components/fw_dio" --include_path="C:/Users/npyla/Documents/_dev/_embedded/ws_test/test/components/fw_globals" --include_path="C:/Users/npyla/Documents/_dev/_embedded/ws_test/test" --include_path="C:/ti/ccs1281/ccs/tools/compiler/ti-cgt-arm_20.2.7.LTS/include" -g --diag_warning=225 --diag_wrap=off --display_error_number --enum_type=packed --abi=eabi --preproc_with_compile --preproc_dependency="source/HL_sys_dma.d_raw" --obj_directory="source"  "../source/HL_sys_dma.c"
Finished building: "../source/HL_sys_dma.c"
 
Building file: "../source/HL_sys_phantom.c"
Invoking: Arm Compiler
"C:/ti/ccs1281/ccs/tools/compiler/ti-cgt-arm_20.2.7.LTS/bin/armcl" -mv7R5 --code_state=32 --float_support=VFPv3D16 --include_path="C:/Users/npyla/Documents/_dev/_embedded/ws_test/test/include" --include_path="C:/Users/npyla/Documents/_dev/_embedded/ws_test/test/components/fw_dio" --include_path="C:/Users/npyla/Documents/_dev/_embedded/ws_test/test/components/fw_globals" --include_path="C:/Users/npyla/Documents/_dev/_embedded/ws_test/test" --include_path="C:/ti/ccs1281/ccs/tools/compiler/ti-cgt-arm_20.2.7.LTS/include" -g --diag_warning=225 --diag_wrap=off --display_error_number --enum_type=packed --abi=eabi --preproc_with_compile --preproc_dependency="source/HL_sys_phantom.d_raw" --obj_directory="source"  "../source/HL_sys_phantom.c"
Finished building: "../source/HL_sys_phantom.c"
 
Building file: "../source/HL_sys_pmu.asm"
Invoking: Arm Compiler
"C:/ti/ccs1281/ccs/tools/compiler/ti-cgt-arm_20.2.7.LTS/bin/armcl" -mv7R5 --code_state=32 --float_support=VFPv3D16 --include_path="C:/Users/npyla/Documents/_dev/_embedded/ws_test/test/include" --include_path="C:/Users/npyla/Documents/_dev/_embedded/ws_test/test/components/fw_dio" --include_path="C:/Users/npyla/Documents/_dev/_embedded/ws_test/test/components/fw_globals" --include_path="C:/Users/npyla/Documents/_dev/_embedded/ws_test/test" --include_path="C:/ti/ccs1281/ccs/tools/compiler/ti-cgt-arm_20.2.7.LTS/include" -g --diag_warning=225 --diag_wrap=off --display_error_number --enum_type=packed --abi=eabi --preproc_with_compile --preproc_dependency="source/HL_sys_pmu.d_raw" --obj_directory="source"  "../source/HL_sys_pmu.asm"
Finished building: "../source/HL_sys_pmu.asm"
 
Building file: "../source/HL_sys_pmm.c"
Invoking: Arm Compiler
"C:/ti/ccs1281/ccs/tools/compiler/ti-cgt-arm_20.2.7.LTS/bin/armcl" -mv7R5 --code_state=32 --float_support=VFPv3D16 --include_path="C:/Users/npyla/Documents/_dev/_embedded/ws_test/test/include" --include_path="C:/Users/npyla/Documents/_dev/_embedded/ws_test/test/components/fw_dio" --include_path="C:/Users/npyla/Documents/_dev/_embedded/ws_test/test/components/fw_globals" --include_path="C:/Users/npyla/Documents/_dev/_embedded/ws_test/test" --include_path="C:/ti/ccs1281/ccs/tools/compiler/ti-cgt-arm_20.2.7.LTS/include" -g --diag_warning=225 --diag_wrap=off --display_error_number --enum_type=packed --abi=eabi --preproc_with_compile --preproc_dependency="source/HL_sys_pmm.d_raw" --obj_directory="source"  "../source/HL_sys_pmm.c"
Finished building: "../source/HL_sys_pmm.c"
 
Building file: "../source/HL_sys_pcr.c"
Invoking: Arm Compiler
"C:/ti/ccs1281/ccs/tools/compiler/ti-cgt-arm_20.2.7.LTS/bin/armcl" -mv7R5 --code_state=32 --float_support=VFPv3D16 --include_path="C:/Users/npyla/Documents/_dev/_embedded/ws_test/test/include" --include_path="C:/Users/npyla/Documents/_dev/_embedded/ws_test/test/components/fw_dio" --include_path="C:/Users/npyla/Documents/_dev/_embedded/ws_test/test/components/fw_globals" --include_path="C:/Users/npyla/Documents/_dev/_embedded/ws_test/test" --include_path="C:/ti/ccs1281/ccs/tools/compiler/ti-cgt-arm_20.2.7.LTS/include" -g --diag_warning=225 --diag_wrap=off --display_error_number --enum_type=packed --abi=eabi --preproc_with_compile --preproc_dependency="source/HL_sys_pcr.d_raw" --obj_directory="source"  "../source/HL_sys_pcr.c"
Finished building: "../source/HL_sys_pcr.c"
 
Building file: "../source/HL_sys_startup.c"
Invoking: Arm Compiler
"C:/ti/ccs1281/ccs/tools/compiler/ti-cgt-arm_20.2.7.LTS/bin/armcl" -mv7R5 --code_state=32 --float_support=VFPv3D16 --include_path="C:/Users/npyla/Documents/_dev/_embedded/ws_test/test/include" --include_path="C:/Users/npyla/Documents/_dev/_embedded/ws_test/test/components/fw_dio" --include_path="C:/Users/npyla/Documents/_dev/_embedded/ws_test/test/components/fw_globals" --include_path="C:/Users/npyla/Documents/_dev/_embedded/ws_test/test" --include_path="C:/ti/ccs1281/ccs/tools/compiler/ti-cgt-arm_20.2.7.LTS/include" -g --diag_warning=225 --diag_wrap=off --display_error_number --enum_type=packed --abi=eabi --preproc_with_compile --preproc_dependency="source/HL_sys_startup.d_raw" --obj_directory="source"  "../source/HL_sys_startup.c"
Finished building: "../source/HL_sys_startup.c"
 
Building file: "../source/os_croutine.c"
Invoking: Arm Compiler
"C:/ti/ccs1281/ccs/tools/compiler/ti-cgt-arm_20.2.7.LTS/bin/armcl" -mv7R5 --code_state=32 --float_support=VFPv3D16 --include_path="C:/Users/npyla/Documents/_dev/_embedded/ws_test/test/include" --include_path="C:/Users/npyla/Documents/_dev/_embedded/ws_test/test/components/fw_dio" --include_path="C:/Users/npyla/Documents/_dev/_embedded/ws_test/test/components/fw_globals" --include_path="C:/Users/npyla/Documents/_dev/_embedded/ws_test/test" --include_path="C:/ti/ccs1281/ccs/tools/compiler/ti-cgt-arm_20.2.7.LTS/include" -g --diag_warning=225 --diag_wrap=off --display_error_number --enum_type=packed --abi=eabi --preproc_with_compile --preproc_dependency="source/os_croutine.d_raw" --obj_directory="source"  "../source/os_croutine.c"
Finished building: "../source/os_croutine.c"
 
Building file: "../source/HL_sys_vim.c"
Invoking: Arm Compiler
"C:/ti/ccs1281/ccs/tools/compiler/ti-cgt-arm_20.2.7.LTS/bin/armcl" -mv7R5 --code_state=32 --float_support=VFPv3D16 --include_path="C:/Users/npyla/Documents/_dev/_embedded/ws_test/test/include" --include_path="C:/Users/npyla/Documents/_dev/_embedded/ws_test/test/components/fw_dio" --include_path="C:/Users/npyla/Documents/_dev/_embedded/ws_test/test/components/fw_globals" --include_path="C:/Users/npyla/Documents/_dev/_embedded/ws_test/test" --include_path="C:/ti/ccs1281/ccs/tools/compiler/ti-cgt-arm_20.2.7.LTS/include" -g --diag_warning=225 --diag_wrap=off --display_error_number --enum_type=packed --abi=eabi --preproc_with_compile --preproc_dependency="source/HL_sys_vim.d_raw" --obj_directory="source"  "../source/HL_sys_vim.c"
Finished building: "../source/HL_sys_vim.c"
 
Building file: "../source/HL_system.c"
Invoking: Arm Compiler
"C:/ti/ccs1281/ccs/tools/compiler/ti-cgt-arm_20.2.7.LTS/bin/armcl" -mv7R5 --code_state=32 --float_support=VFPv3D16 --include_path="C:/Users/npyla/Documents/_dev/_embedded/ws_test/test/include" --include_path="C:/Users/npyla/Documents/_dev/_embedded/ws_test/test/components/fw_dio" --include_path="C:/Users/npyla/Documents/_dev/_embedded/ws_test/test/components/fw_globals" --include_path="C:/Users/npyla/Documents/_dev/_embedded/ws_test/test" --include_path="C:/ti/ccs1281/ccs/tools/compiler/ti-cgt-arm_20.2.7.LTS/include" -g --diag_warning=225 --diag_wrap=off --display_error_number --enum_type=packed --abi=eabi --preproc_with_compile --preproc_dependency="source/HL_system.d_raw" --obj_directory="source"  "../source/HL_system.c"
Finished building: "../source/HL_system.c"
 
Building file: "../source/os_heap.c"
Invoking: Arm Compiler
"C:/ti/ccs1281/ccs/tools/compiler/ti-cgt-arm_20.2.7.LTS/bin/armcl" -mv7R5 --code_state=32 --float_support=VFPv3D16 --include_path="C:/Users/npyla/Documents/_dev/_embedded/ws_test/test/include" --include_path="C:/Users/npyla/Documents/_dev/_embedded/ws_test/test/components/fw_dio" --include_path="C:/Users/npyla/Documents/_dev/_embedded/ws_test/test/components/fw_globals" --include_path="C:/Users/npyla/Documents/_dev/_embedded/ws_test/test" --include_path="C:/ti/ccs1281/ccs/tools/compiler/ti-cgt-arm_20.2.7.LTS/include" -g --diag_warning=225 --diag_wrap=off --display_error_number --enum_type=packed --abi=eabi --preproc_with_compile --preproc_dependency="source/os_heap.d_raw" --obj_directory="source"  "../source/os_heap.c"
Finished building: "../source/os_heap.c"
 
Building file: "../source/os_event_groups.c"
Invoking: Arm Compiler
"C:/ti/ccs1281/ccs/tools/compiler/ti-cgt-arm_20.2.7.LTS/bin/armcl" -mv7R5 --code_state=32 --float_support=VFPv3D16 --include_path="C:/Users/npyla/Documents/_dev/_embedded/ws_test/test/include" --include_path="C:/Users/npyla/Documents/_dev/_embedded/ws_test/test/components/fw_dio" --include_path="C:/Users/npyla/Documents/_dev/_embedded/ws_test/test/components/fw_globals" --include_path="C:/Users/npyla/Documents/_dev/_embedded/ws_test/test" --include_path="C:/ti/ccs1281/ccs/tools/compiler/ti-cgt-arm_20.2.7.LTS/include" -g --diag_warning=225 --diag_wrap=off --display_error_number --enum_type=packed --abi=eabi --preproc_with_compile --preproc_dependency="source/os_event_groups.d_raw" --obj_directory="source"  "../source/os_event_groups.c"
Finished building: "../source/os_event_groups.c"
 
Building file: "../source/os_list.c"
Invoking: Arm Compiler
"C:/ti/ccs1281/ccs/tools/compiler/ti-cgt-arm_20.2.7.LTS/bin/armcl" -mv7R5 --code_state=32 --float_support=VFPv3D16 --include_path="C:/Users/npyla/Documents/_dev/_embedded/ws_test/test/include" --include_path="C:/Users/npyla/Documents/_dev/_embedded/ws_test/test/components/fw_dio" --include_path="C:/Users/npyla/Documents/_dev/_embedded/ws_test/test/components/fw_globals" --include_path="C:/Users/npyla/Documents/_dev/_embedded/ws_test/test" --include_path="C:/ti/ccs1281/ccs/tools/compiler/ti-cgt-arm_20.2.7.LTS/include" -g --diag_warning=225 --diag_wrap=off --display_error_number --enum_type=packed --abi=eabi --preproc_with_compile --preproc_dependency="source/os_list.d_raw" --obj_directory="source"  "../source/os_list.c"
Finished building: "../source/os_list.c"
 
Building file: "../source/os_portasm.asm"
Invoking: Arm Compiler
"C:/ti/ccs1281/ccs/tools/compiler/ti-cgt-arm_20.2.7.LTS/bin/armcl" -mv7R5 --code_state=32 --float_support=VFPv3D16 --include_path="C:/Users/npyla/Documents/_dev/_embedded/ws_test/test/include" --include_path="C:/Users/npyla/Documents/_dev/_embedded/ws_test/test/components/fw_dio" --include_path="C:/Users/npyla/Documents/_dev/_embedded/ws_test/test/components/fw_globals" --include_path="C:/Users/npyla/Documents/_dev/_embedded/ws_test/test" --include_path="C:/ti/ccs1281/ccs/tools/compiler/ti-cgt-arm_20.2.7.LTS/include" -g --diag_warning=225 --diag_wrap=off --display_error_number --enum_type=packed --abi=eabi --preproc_with_compile --preproc_dependency="source/os_portasm.d_raw" --obj_directory="source"  "../source/os_portasm.asm"
Finished building: "../source/os_portasm.asm"
 
Building file: "../source/os_port.c"
Invoking: Arm Compiler
"C:/ti/ccs1281/ccs/tools/compiler/ti-cgt-arm_20.2.7.LTS/bin/armcl" -mv7R5 --code_state=32 --float_support=VFPv3D16 --include_path="C:/Users/npyla/Documents/_dev/_embedded/ws_test/test/include" --include_path="C:/Users/npyla/Documents/_dev/_embedded/ws_test/test/components/fw_dio" --include_path="C:/Users/npyla/Documents/_dev/_embedded/ws_test/test/components/fw_globals" --include_path="C:/Users/npyla/Documents/_dev/_embedded/ws_test/test" --include_path="C:/ti/ccs1281/ccs/tools/compiler/ti-cgt-arm_20.2.7.LTS/include" -g --diag_warning=225 --diag_wrap=off --display_error_number --enum_type=packed --abi=eabi --preproc_with_compile --preproc_dependency="source/os_port.d_raw" --obj_directory="source"  "../source/os_port.c"
Finished building: "../source/os_port.c"
 
Building file: "../source/os_mpu_wrappers.c"
Invoking: Arm Compiler
"C:/ti/ccs1281/ccs/tools/compiler/ti-cgt-arm_20.2.7.LTS/bin/armcl" -mv7R5 --code_state=32 --float_support=VFPv3D16 --include_path="C:/Users/npyla/Documents/_dev/_embedded/ws_test/test/include" --include_path="C:/Users/npyla/Documents/_dev/_embedded/ws_test/test/components/fw_dio" --include_path="C:/Users/npyla/Documents/_dev/_embedded/ws_test/test/components/fw_globals" --include_path="C:/Users/npyla/Documents/_dev/_embedded/ws_test/test" --include_path="C:/ti/ccs1281/ccs/tools/compiler/ti-cgt-arm_20.2.7.LTS/include" -g --diag_warning=225 --diag_wrap=off --display_error_number --enum_type=packed --abi=eabi --preproc_with_compile --preproc_dependency="source/os_mpu_wrappers.d_raw" --obj_directory="source"  "../source/os_mpu_wrappers.c"
Finished building: "../source/os_mpu_wrappers.c"
 
Building file: "../source/os_timer.c"
Invoking: Arm Compiler
"C:/ti/ccs1281/ccs/tools/compiler/ti-cgt-arm_20.2.7.LTS/bin/armcl" -mv7R5 --code_state=32 --float_support=VFPv3D16 --include_path="C:/Users/npyla/Documents/_dev/_embedded/ws_test/test/include" --include_path="C:/Users/npyla/Documents/_dev/_embedded/ws_test/test/components/fw_dio" --include_path="C:/Users/npyla/Documents/_dev/_embedded/ws_test/test/components/fw_globals" --include_path="C:/Users/npyla/Documents/_dev/_embedded/ws_test/test" --include_path="C:/ti/ccs1281/ccs/tools/compiler/ti-cgt-arm_20.2.7.LTS/include" -g --diag_warning=225 --diag_wrap=off --display_error_number --enum_type=packed --abi=eabi --preproc_with_compile --preproc_dependency="source/os_timer.d_raw" --obj_directory="source"  "../source/os_timer.c"
Finished building: "../source/os_timer.c"
 
Building file: "../source/os_queue.c"
Invoking: Arm Compiler
"C:/ti/ccs1281/ccs/tools/compiler/ti-cgt-arm_20.2.7.LTS/bin/armcl" -mv7R5 --code_state=32 --float_support=VFPv3D16 --include_path="C:/Users/npyla/Documents/_dev/_embedded/ws_test/test/include" --include_path="C:/Users/npyla/Documents/_dev/_embedded/ws_test/test/components/fw_dio" --include_path="C:/Users/npyla/Documents/_dev/_embedded/ws_test/test/components/fw_globals" --include_path="C:/Users/npyla/Documents/_dev/_embedded/ws_test/test" --include_path="C:/ti/ccs1281/ccs/tools/compiler/ti-cgt-arm_20.2.7.LTS/include" -g --diag_warning=225 --diag_wrap=off --display_error_number --enum_type=packed --abi=eabi --preproc_with_compile --preproc_dependency="source/os_queue.d_raw" --obj_directory="source"  "../source/os_queue.c"
Finished building: "../source/os_queue.c"
 
Building file: "../source/os_tasks.c"
Invoking: Arm Compiler
"C:/ti/ccs1281/ccs/tools/compiler/ti-cgt-arm_20.2.7.LTS/bin/armcl" -mv7R5 --code_state=32 --float_support=VFPv3D16 --include_path="C:/Users/npyla/Documents/_dev/_embedded/ws_test/test/include" --include_path="C:/Users/npyla/Documents/_dev/_embedded/ws_test/test/components/fw_dio" --include_path="C:/Users/npyla/Documents/_dev/_embedded/ws_test/test/components/fw_globals" --include_path="C:/Users/npyla/Documents/_dev/_embedded/ws_test/test" --include_path="C:/ti/ccs1281/ccs/tools/compiler/ti-cgt-arm_20.2.7.LTS/include" -g --diag_warning=225 --diag_wrap=off --display_error_number --enum_type=packed --abi=eabi --preproc_with_compile --preproc_dependency="source/os_tasks.d_raw" --obj_directory="source"  "../source/os_tasks.c"
Finished building: "../source/os_tasks.c"
 
gmake: Target 'all' not remade because of errors.

**** Build Finished ****

**** Build of configuration Debug for project test ****

"C:\\ti\\ccs1281\\ccs\\utils\\bin\\gmake" -k -j 12 all -O 
 
Building file: "../main.c"
Invoking: Arm Compiler
"C:/ti/ccs1281/ccs/tools/compiler/ti-cgt-arm_20.2.7.LTS/bin/armcl" -mv7R5 --code_state=32 --float_support=VFPv3D16 --include_path="C:/Users/npyla/Documents/_dev/_embedded/ws_test/test/include" --include_path="C:/Users/npyla/Documents/_dev/_embedded/ws_test/test/components/fw_dio" --include_path="C:/Users/npyla/Documents/_dev/_embedded/ws_test/test/components/fw_globals" --include_path="C:/Users/npyla/Documents/_dev/_embedded/ws_test/test" --include_path="C:/ti/ccs1281/ccs/tools/compiler/ti-cgt-arm_20.2.7.LTS/include" -g --diag_warning=225 --diag_wrap=off --display_error_number --enum_type=packed --abi=eabi --preproc_with_compile --preproc_dependency="main.d_raw"  "../main.c"
 
>> Compilation failure
subdir_rules.mk:9: recipe for target 'main.obj' failed
"C:/Users/npyla/Documents/_dev/_embedded/ws_test/test/components/fw_dio/fw_dio.h", line 109: warning #869-D: type qualifier on return type is meaningless
"C:/Users/npyla/Documents/_dev/_embedded/ws_test/test/components/fw_dio/fw_dio.h", line 110: warning #869-D: type qualifier on return type is meaningless
"../main.c", line 25: error #20: identifier "i" is undefined
1 error detected in the compilation of "../main.c".
gmake: *** [main.obj] Error 1
Building file: "../components/fw_dio/fw_dio.c"
Invoking: Arm Compiler
"C:/ti/ccs1281/ccs/tools/compiler/ti-cgt-arm_20.2.7.LTS/bin/armcl" -mv7R5 --code_state=32 --float_support=VFPv3D16 --include_path="C:/Users/npyla/Documents/_dev/_embedded/ws_test/test/include" --include_path="C:/Users/npyla/Documents/_dev/_embedded/ws_test/test/components/fw_dio" --include_path="C:/Users/npyla/Documents/_dev/_embedded/ws_test/test/components/fw_globals" --include_path="C:/Users/npyla/Documents/_dev/_embedded/ws_test/test" --include_path="C:/ti/ccs1281/ccs/tools/compiler/ti-cgt-arm_20.2.7.LTS/include" -g --diag_warning=225 --diag_wrap=off --display_error_number --enum_type=packed --abi=eabi --preproc_with_compile --preproc_dependency="components/fw_dio/fw_dio.d_raw" --obj_directory="components/fw_dio"  "../components/fw_dio/fw_dio.c"
 
>> Compilation failure
components/fw_dio/subdir_rules.mk:9: recipe for target 'components/fw_dio/fw_dio.obj' failed
"..\components\fw_dio\fw_dio.h", line 109: warning #869-D: type qualifier on return type is meaningless
"..\components\fw_dio\fw_dio.h", line 110: warning #869-D: type qualifier on return type is meaningless
"../components/fw_dio/fw_dio.c", line 96: error #20: identifier "S_DM_DIGITAL_IO" is undefined
"../components/fw_dio/fw_dio.c", line 96: error #20: identifier "ptr_dm_digital_outputs" is undefined
"../components/fw_dio/fw_dio.c", line 96: error #29: expected an expression
"../components/fw_dio/fw_dio.c", line 96: error #66: expected a ";"
"../components/fw_dio/fw_dio.c", line 104: warning #225-D: function "gioSetBit" declared implicitly
"../components/fw_dio/fw_dio.c", line 119: error #20: identifier "S_DM_DIGITAL_IO" is undefined
"../components/fw_dio/fw_dio.c", line 119: error #20: identifier "ptr_dm_digital_inputs" is undefined
"../components/fw_dio/fw_dio.c", line 119: error #29: expected an expression
"../components/fw_dio/fw_dio.c", line 119: error #66: expected a ";"
"../components/fw_dio/fw_dio.c", line 122: warning #188-D: pointless comparison of unsigned integer with zero
"../components/fw_dio/fw_dio.c", line 127: warning #225-D: function "gioGetBit" declared implicitly
"../components/fw_dio/fw_dio.c", line 152: warning #869-D: type qualifier on return type is meaningless
"../components/fw_dio/fw_dio.c", line 225: warning #869-D: type qualifier on return type is meaningless
"../components/fw_dio/fw_dio.c", line 292: warning #145-D: a value of type "const S_DIO_OUTPUT_PIN_DEF *" cannot be used to initialize an entity of type "S_DIO_OUTPUT_PIN_DEF *"
"../components/fw_dio/fw_dio.c", line 299: warning #238-D: controlling expression is constant
8 errors detected in the compilation of "../components/fw_dio/fw_dio.c".
gmake: *** [components/fw_dio/fw_dio.obj] Error 1
gmake: Target 'all' not remade because of errors.

**** Build Finished ****

**** Build of configuration Debug for project test ****

"C:\\ti\\ccs1281\\ccs\\utils\\bin\\gmake" -k -j 12 all -O 
 
Building file: "../components/fw_dio/fw_dio.c"
Invoking: Arm Compiler
"C:/ti/ccs1281/ccs/tools/compiler/ti-cgt-arm_20.2.7.LTS/bin/armcl" -mv7R5 --code_state=32 --float_support=VFPv3D16 --include_path="C:/Users/npyla/Documents/_dev/_embedded/ws_test/test/include" --include_path="C:/Users/npyla/Documents/_dev/_embedded/ws_test/test/components/fw_dio" --include_path="C:/Users/npyla/Documents/_dev/_embedded/ws_test/test/components/fw_globals" --include_path="C:/Users/npyla/Documents/_dev/_embedded/ws_test/test" --include_path="C:/ti/ccs1281/ccs/tools/compiler/ti-cgt-arm_20.2.7.LTS/include" -g --diag_warning=225 --diag_wrap=off --display_error_number --enum_type=packed --abi=eabi --preproc_with_compile --preproc_dependency="components/fw_dio/fw_dio.d_raw" --obj_directory="components/fw_dio"  "../components/fw_dio/fw_dio.c"
 
>> Compilation failure
components/fw_dio/subdir_rules.mk:9: recipe for target 'components/fw_dio/fw_dio.obj' failed
"..\components\fw_dio\fw_dio.h", line 109: warning #869-D: type qualifier on return type is meaningless
"..\components\fw_dio\fw_dio.h", line 110: warning #869-D: type qualifier on return type is meaningless
"../components/fw_dio/fw_dio.c", line 96: error #20: identifier "S_DM_DIGITAL_IO" is undefined
"../components/fw_dio/fw_dio.c", line 96: error #20: identifier "ptr_dm_digital_outputs" is undefined
"../components/fw_dio/fw_dio.c", line 96: error #29: expected an expression
"../components/fw_dio/fw_dio.c", line 96: error #66: expected a ";"
"../components/fw_dio/fw_dio.c", line 104: warning #225-D: function "gioSetBit" declared implicitly
"../components/fw_dio/fw_dio.c", line 119: error #20: identifier "S_DM_DIGITAL_IO" is undefined
"../components/fw_dio/fw_dio.c", line 119: error #20: identifier "ptr_dm_digital_inputs" is undefined
"../components/fw_dio/fw_dio.c", line 119: error #29: expected an expression
"../components/fw_dio/fw_dio.c", line 119: error #66: expected a ";"
"../components/fw_dio/fw_dio.c", line 122: warning #188-D: pointless comparison of unsigned integer with zero
"../components/fw_dio/fw_dio.c", line 127: warning #225-D: function "gioGetBit" declared implicitly
"../components/fw_dio/fw_dio.c", line 152: warning #869-D: type qualifier on return type is meaningless
"../components/fw_dio/fw_dio.c", line 225: warning #869-D: type qualifier on return type is meaningless
"../components/fw_dio/fw_dio.c", line 292: warning #145-D: a value of type "const S_DIO_OUTPUT_PIN_DEF *" cannot be used to initialize an entity of type "S_DIO_OUTPUT_PIN_DEF *"
"../components/fw_dio/fw_dio.c", line 299: warning #238-D: controlling expression is constant
8 errors detected in the compilation of "../components/fw_dio/fw_dio.c".
gmake: *** [components/fw_dio/fw_dio.obj] Error 1
Building file: "../main.c"
Invoking: Arm Compiler
"C:/ti/ccs1281/ccs/tools/compiler/ti-cgt-arm_20.2.7.LTS/bin/armcl" -mv7R5 --code_state=32 --float_support=VFPv3D16 --include_path="C:/Users/npyla/Documents/_dev/_embedded/ws_test/test/include" --include_path="C:/Users/npyla/Documents/_dev/_embedded/ws_test/test/components/fw_dio" --include_path="C:/Users/npyla/Documents/_dev/_embedded/ws_test/test/components/fw_globals" --include_path="C:/Users/npyla/Documents/_dev/_embedded/ws_test/test" --include_path="C:/ti/ccs1281/ccs/tools/compiler/ti-cgt-arm_20.2.7.LTS/include" -g --diag_warning=225 --diag_wrap=off --display_error_number --enum_type=packed --abi=eabi --preproc_with_compile --preproc_dependency="main.d_raw"  "../main.c"
"C:/Users/npyla/Documents/_dev/_embedded/ws_test/test/components/fw_dio/fw_dio.h", line 109: warning #869-D: type qualifier on return type is meaningless
"C:/Users/npyla/Documents/_dev/_embedded/ws_test/test/components/fw_dio/fw_dio.h", line 110: warning #869-D: type qualifier on return type is meaningless
Finished building: "../main.c"
 
gmake: Target 'all' not remade because of errors.

**** Build Finished ****

**** Build of configuration Debug for project test ****

"C:\\ti\\ccs1281\\ccs\\utils\\bin\\gmake" -k -j 12 all -O 
 
Building file: "../components/fw_dio/fw_dio.c"
Invoking: Arm Compiler
"C:/ti/ccs1281/ccs/tools/compiler/ti-cgt-arm_20.2.7.LTS/bin/armcl" -mv7R5 --code_state=32 --float_support=VFPv3D16 --include_path="C:/Users/npyla/Documents/_dev/_embedded/ws_test/test/include" --include_path="C:/Users/npyla/Documents/_dev/_embedded/ws_test/test/components/fw_dio" --include_path="C:/Users/npyla/Documents/_dev/_embedded/ws_test/test/components/fw_globals" --include_path="C:/Users/npyla/Documents/_dev/_embedded/ws_test/test" --include_path="C:/ti/ccs1281/ccs/tools/compiler/ti-cgt-arm_20.2.7.LTS/include" -g --diag_warning=225 --diag_wrap=off --display_error_number --enum_type=packed --abi=eabi --preproc_with_compile --preproc_dependency="components/fw_dio/fw_dio.d_raw" --obj_directory="components/fw_dio"  "../components/fw_dio/fw_dio.c"
 
>> Compilation failure
components/fw_dio/subdir_rules.mk:9: recipe for target 'components/fw_dio/fw_dio.obj' failed
"..\components\fw_dio\fw_dio.h", line 109: warning #869-D: type qualifier on return type is meaningless
"..\components\fw_dio\fw_dio.h", line 110: warning #869-D: type qualifier on return type is meaningless
"../components/fw_dio/fw_dio.c", line 96: error #20: identifier "S_DM_DIGITAL_IO" is undefined
"../components/fw_dio/fw_dio.c", line 96: error #20: identifier "ptr_dm_digital_outputs" is undefined
"../components/fw_dio/fw_dio.c", line 96: error #29: expected an expression
"../components/fw_dio/fw_dio.c", line 96: error #66: expected a ";"
"../components/fw_dio/fw_dio.c", line 104: warning #225-D: function "gioSetBit" declared implicitly
"../components/fw_dio/fw_dio.c", line 122: warning #188-D: pointless comparison of unsigned integer with zero
"../components/fw_dio/fw_dio.c", line 127: warning #225-D: function "gioGetBit" declared implicitly
"../components/fw_dio/fw_dio.c", line 135: error #20: identifier "ptr_dm_digital_inputs" is undefined
"../components/fw_dio/fw_dio.c", line 152: warning #869-D: type qualifier on return type is meaningless
"../components/fw_dio/fw_dio.c", line 225: warning #869-D: type qualifier on return type is meaningless
"../components/fw_dio/fw_dio.c", line 292: warning #145-D: a value of type "const S_DIO_OUTPUT_PIN_DEF *" cannot be used to initialize an entity of type "S_DIO_OUTPUT_PIN_DEF *"
"../components/fw_dio/fw_dio.c", line 299: warning #238-D: controlling expression is constant
5 errors detected in the compilation of "../components/fw_dio/fw_dio.c".
gmake: *** [components/fw_dio/fw_dio.obj] Error 1
gmake: Target 'all' not remade because of errors.

**** Build Finished ****

**** Build of configuration Debug for project test ****

"C:\\ti\\ccs1281\\ccs\\utils\\bin\\gmake" -k -j 12 all -O 
 
Building file: "../components/fw_dio/fw_dio.c"
Invoking: Arm Compiler
"C:/ti/ccs1281/ccs/tools/compiler/ti-cgt-arm_20.2.7.LTS/bin/armcl" -mv7R5 --code_state=32 --float_support=VFPv3D16 --include_path="C:/Users/npyla/Documents/_dev/_embedded/ws_test/test/include" --include_path="C:/Users/npyla/Documents/_dev/_embedded/ws_test/test/components/fw_dio" --include_path="C:/Users/npyla/Documents/_dev/_embedded/ws_test/test/components/fw_globals" --include_path="C:/Users/npyla/Documents/_dev/_embedded/ws_test/test" --include_path="C:/ti/ccs1281/ccs/tools/compiler/ti-cgt-arm_20.2.7.LTS/include" -g --diag_warning=225 --diag_wrap=off --display_error_number --enum_type=packed --abi=eabi --preproc_with_compile --preproc_dependency="components/fw_dio/fw_dio.d_raw" --obj_directory="components/fw_dio"  "../components/fw_dio/fw_dio.c"
 
>> Compilation failure
components/fw_dio/subdir_rules.mk:9: recipe for target 'components/fw_dio/fw_dio.obj' failed
"..\components\fw_dio\fw_dio.h", line 109: warning #869-D: type qualifier on return type is meaningless
"..\components\fw_dio\fw_dio.h", line 110: warning #869-D: type qualifier on return type is meaningless
"../components/fw_dio/fw_dio.c", line 104: warning #225-D: function "gioSetBit" declared implicitly
"../components/fw_dio/fw_dio.c", line 112: error #20: identifier "ptr_dm_digital_outputs" is undefined
"../components/fw_dio/fw_dio.c", line 122: warning #188-D: pointless comparison of unsigned integer with zero
"../components/fw_dio/fw_dio.c", line 127: warning #225-D: function "gioGetBit" declared implicitly
"../components/fw_dio/fw_dio.c", line 135: error #20: identifier "ptr_dm_digital_inputs" is undefined
"../components/fw_dio/fw_dio.c", line 152: warning #869-D: type qualifier on return type is meaningless
"../components/fw_dio/fw_dio.c", line 225: warning #869-D: type qualifier on return type is meaningless
"../components/fw_dio/fw_dio.c", line 292: warning #145-D: a value of type "const S_DIO_OUTPUT_PIN_DEF *" cannot be used to initialize an entity of type "S_DIO_OUTPUT_PIN_DEF *"
"../components/fw_dio/fw_dio.c", line 299: warning #238-D: controlling expression is constant
2 errors detected in the compilation of "../components/fw_dio/fw_dio.c".
gmake: *** [components/fw_dio/fw_dio.obj] Error 1
gmake: Target 'all' not remade because of errors.

**** Build Finished ****

**** Build of configuration Debug for project test ****

"C:\\ti\\ccs1281\\ccs\\utils\\bin\\gmake" -k -j 12 all -O 
 
Building file: "../components/fw_dio/fw_dio.c"
Invoking: Arm Compiler
"C:/ti/ccs1281/ccs/tools/compiler/ti-cgt-arm_20.2.7.LTS/bin/armcl" -mv7R5 --code_state=32 --float_support=VFPv3D16 --include_path="C:/Users/npyla/Documents/_dev/_embedded/ws_test/test/include" --include_path="C:/Users/npyla/Documents/_dev/_embedded/ws_test/test/components/fw_dio" --include_path="C:/Users/npyla/Documents/_dev/_embedded/ws_test/test/components/fw_globals" --include_path="C:/Users/npyla/Documents/_dev/_embedded/ws_test/test" --include_path="C:/ti/ccs1281/ccs/tools/compiler/ti-cgt-arm_20.2.7.LTS/include" -g --diag_warning=225 --diag_wrap=off --display_error_number --enum_type=packed --abi=eabi --preproc_with_compile --preproc_dependency="components/fw_dio/fw_dio.d_raw" --obj_directory="components/fw_dio"  "../components/fw_dio/fw_dio.c"
"..\components\fw_dio\fw_dio.h", line 109: warning #869-D: type qualifier on return type is meaningless
"..\components\fw_dio\fw_dio.h", line 110: warning #869-D: type qualifier on return type is meaningless
"../components/fw_dio/fw_dio.c", line 104: warning #225-D: function "gioSetBit" declared implicitly
"../components/fw_dio/fw_dio.c", line 122: warning #188-D: pointless comparison of unsigned integer with zero
"../components/fw_dio/fw_dio.c", line 127: warning #225-D: function "gioGetBit" declared implicitly
"../components/fw_dio/fw_dio.c", line 152: warning #869-D: type qualifier on return type is meaningless
"../components/fw_dio/fw_dio.c", line 225: warning #869-D: type qualifier on return type is meaningless
"../components/fw_dio/fw_dio.c", line 292: warning #145-D: a value of type "const S_DIO_OUTPUT_PIN_DEF *" cannot be used to initialize an entity of type "S_DIO_OUTPUT_PIN_DEF *"
"../components/fw_dio/fw_dio.c", line 299: warning #238-D: controlling expression is constant
Finished building: "../components/fw_dio/fw_dio.c"
 
Building target: "test.out"
Invoking: Arm Linker
"C:/ti/ccs1281/ccs/tools/compiler/ti-cgt-arm_20.2.7.LTS/bin/armcl" -mv7R5 --code_state=32 --float_support=VFPv3D16 -g --diag_warning=225 --diag_wrap=off --display_error_number --enum_type=packed --abi=eabi -z -m"test.map" --heap_size=0x800 --stack_size=0x800 -i"C:/ti/ccs1281/ccs/tools/compiler/ti-cgt-arm_20.2.7.LTS/lib" -i"C:/ti/ccs1281/ccs/tools/compiler/ti-cgt-arm_20.2.7.LTS/include" --reread_libs --diag_wrap=off --display_error_number --warn_sections --xml_link_info="test_linkInfo.xml" --rom_model --be32 -o "test.out" "./main.obj" "./components/fw_dio/fw_dio.obj" "./components/fw_globals/_svc.obj" "./components/fw_globals/fw_globals.obj" "./components/fw_globals/svc.obj" "./source/HL_epc.obj" "./source/HL_errata.obj" "./source/HL_errata_SSWF021_45.obj" "./source/HL_esm.obj" "./source/HL_gio.obj" "./source/HL_nmpu.obj" "./source/HL_notification.obj" "./source/HL_pinmux.obj" "./source/HL_sys_core.obj" "./source/HL_sys_dma.obj" "./source/HL_sys_intvecs.obj" "./source/HL_sys_mpu.obj" "./source/HL_sys_pcr.obj" "./source/HL_sys_phantom.obj" "./source/HL_sys_pmm.obj" "./source/HL_sys_pmu.obj" "./source/HL_sys_startup.obj" "./source/HL_sys_vim.obj" "./source/HL_system.obj" "./source/os_croutine.obj" "./source/os_event_groups.obj" "./source/os_heap.obj" "./source/os_list.obj" "./source/os_mpu_wrappers.obj" "./source/os_port.obj" "./source/os_portasm.obj" "./source/os_queue.obj" "./source/os_tasks.obj" "./source/os_timer.obj" "../source/HL_sys_link.cmd"  -llibc.a 
<Linking>
Finished building target: "test.out"
 

**** Build Finished ****

**** Build of configuration Debug for project test ****

"C:\\ti\\ccs1281\\ccs\\utils\\bin\\gmake" -k -j 12 all -O 
 
gmake[1]: 'test.out' is up to date.

**** Build Finished ****

**** Build of configuration Debug for project test ****

"C:\\ti\\ccs1281\\ccs\\utils\\bin\\gmake" -k -j 12 all -O 
 
Building file: "../components/fw_dio/fw_dio.c"
Invoking: Arm Compiler
"C:/ti/ccs1281/ccs/tools/compiler/ti-cgt-arm_20.2.7.LTS/bin/armcl" -mv7R5 --code_state=32 --float_support=VFPv3D16 --include_path="C:/Users/npyla/Documents/_dev/_embedded/ws_test/test/include" --include_path="C:/Users/npyla/Documents/_dev/_embedded/ws_test/test/components/fw_dio" --include_path="C:/Users/npyla/Documents/_dev/_embedded/ws_test/test/components/fw_globals" --include_path="C:/Users/npyla/Documents/_dev/_embedded/ws_test/test" --include_path="C:/ti/ccs1281/ccs/tools/compiler/ti-cgt-arm_20.2.7.LTS/include" -g --diag_warning=225 --diag_wrap=off --display_error_number --enum_type=packed --abi=eabi --preproc_with_compile --preproc_dependency="components/fw_dio/fw_dio.d_raw" --obj_directory="components/fw_dio"  "../components/fw_dio/fw_dio.c"
 
>> Compilation failure
components/fw_dio/subdir_rules.mk:9: recipe for target 'components/fw_dio/fw_dio.obj' failed
"..\components\fw_dio\fw_dio.h", line 109: warning #869-D: type qualifier on return type is meaningless
"..\components\fw_dio\fw_dio.h", line 110: warning #869-D: type qualifier on return type is meaningless
"../components/fw_dio/fw_dio.c", line 104: warning #225-D: function "gioSetBit" declared implicitly
"../components/fw_dio/fw_dio.c", line 122: warning #188-D: pointless comparison of unsigned integer with zero
"../components/fw_dio/fw_dio.c", line 127: warning #225-D: function "gioGetBit" declared implicitly
"../components/fw_dio/fw_dio.c", line 152: warning #869-D: type qualifier on return type is meaningless
"../components/fw_dio/fw_dio.c", line 225: warning #869-D: type qualifier on return type is meaningless
"../components/fw_dio/fw_dio.c", line 292: warning #145-D: a value of type "const S_DIO_OUTPUT_PIN_DEF *" cannot be used to initialize an entity of type "S_DIO_OUTPUT_PIN_DEF *"
"../components/fw_dio/fw_dio.c", line 299: error #20: identifier "bit" is undefined
1 error detected in the compilation of "../components/fw_dio/fw_dio.c".
gmake: *** [components/fw_dio/fw_dio.obj] Error 1
Building file: "../main.c"
Invoking: Arm Compiler
"C:/ti/ccs1281/ccs/tools/compiler/ti-cgt-arm_20.2.7.LTS/bin/armcl" -mv7R5 --code_state=32 --float_support=VFPv3D16 --include_path="C:/Users/npyla/Documents/_dev/_embedded/ws_test/test/include" --include_path="C:/Users/npyla/Documents/_dev/_embedded/ws_test/test/components/fw_dio" --include_path="C:/Users/npyla/Documents/_dev/_embedded/ws_test/test/components/fw_globals" --include_path="C:/Users/npyla/Documents/_dev/_embedded/ws_test/test" --include_path="C:/ti/ccs1281/ccs/tools/compiler/ti-cgt-arm_20.2.7.LTS/include" -g --diag_warning=225 --diag_wrap=off --display_error_number --enum_type=packed --abi=eabi --preproc_with_compile --preproc_dependency="main.d_raw"  "../main.c"
"C:/Users/npyla/Documents/_dev/_embedded/ws_test/test/components/fw_dio/fw_dio.h", line 109: warning #869-D: type qualifier on return type is meaningless
"C:/Users/npyla/Documents/_dev/_embedded/ws_test/test/components/fw_dio/fw_dio.h", line 110: warning #869-D: type qualifier on return type is meaningless
"../main.c", line 26: warning #225-D: function "toggle_output_pin" declared implicitly
Finished building: "../main.c"
 
gmake: Target 'all' not remade because of errors.

**** Build Finished ****

**** Build of configuration Debug for project test ****

"C:\\ti\\ccs1281\\ccs\\utils\\bin\\gmake" -k -j 12 all -O 
 
Building file: "../components/fw_dio/fw_dio.c"
Invoking: Arm Compiler
"C:/ti/ccs1281/ccs/tools/compiler/ti-cgt-arm_20.2.7.LTS/bin/armcl" -mv7R5 --code_state=32 --float_support=VFPv3D16 --include_path="C:/Users/npyla/Documents/_dev/_embedded/ws_test/test/include" --include_path="C:/Users/npyla/Documents/_dev/_embedded/ws_test/test/components/fw_dio" --include_path="C:/Users/npyla/Documents/_dev/_embedded/ws_test/test/components/fw_globals" --include_path="C:/Users/npyla/Documents/_dev/_embedded/ws_test/test" --include_path="C:/ti/ccs1281/ccs/tools/compiler/ti-cgt-arm_20.2.7.LTS/include" -g --diag_warning=225 --diag_wrap=off --display_error_number --enum_type=packed --abi=eabi --preproc_with_compile --preproc_dependency="components/fw_dio/fw_dio.d_raw" --obj_directory="components/fw_dio"  "../components/fw_dio/fw_dio.c"
"..\components\fw_dio\fw_dio.h", line 109: warning #869-D: type qualifier on return type is meaningless
"..\components\fw_dio\fw_dio.h", line 110: warning #869-D: type qualifier on return type is meaningless
"../components/fw_dio/fw_dio.c", line 104: warning #225-D: function "gioSetBit" declared implicitly
"../components/fw_dio/fw_dio.c", line 122: warning #188-D: pointless comparison of unsigned integer with zero
"../components/fw_dio/fw_dio.c", line 127: warning #225-D: function "gioGetBit" declared implicitly
"../components/fw_dio/fw_dio.c", line 152: warning #869-D: type qualifier on return type is meaningless
"../components/fw_dio/fw_dio.c", line 225: warning #869-D: type qualifier on return type is meaningless
"../components/fw_dio/fw_dio.c", line 292: warning #145-D: a value of type "const S_DIO_OUTPUT_PIN_DEF *" cannot be used to initialize an entity of type "S_DIO_OUTPUT_PIN_DEF *"
Finished building: "../components/fw_dio/fw_dio.c"
 
Building target: "test.out"
Invoking: Arm Linker
"C:/ti/ccs1281/ccs/tools/compiler/ti-cgt-arm_20.2.7.LTS/bin/armcl" -mv7R5 --code_state=32 --float_support=VFPv3D16 -g --diag_warning=225 --diag_wrap=off --display_error_number --enum_type=packed --abi=eabi -z -m"test.map" --heap_size=0x800 --stack_size=0x800 -i"C:/ti/ccs1281/ccs/tools/compiler/ti-cgt-arm_20.2.7.LTS/lib" -i"C:/ti/ccs1281/ccs/tools/compiler/ti-cgt-arm_20.2.7.LTS/include" --reread_libs --diag_wrap=off --display_error_number --warn_sections --xml_link_info="test_linkInfo.xml" --rom_model --be32 -o "test.out" "./main.obj" "./components/fw_dio/fw_dio.obj" "./components/fw_globals/_svc.obj" "./components/fw_globals/fw_globals.obj" "./components/fw_globals/svc.obj" "./source/HL_epc.obj" "./source/HL_errata.obj" "./source/HL_errata_SSWF021_45.obj" "./source/HL_esm.obj" "./source/HL_gio.obj" "./source/HL_nmpu.obj" "./source/HL_notification.obj" "./source/HL_pinmux.obj" "./source/HL_sys_core.obj" "./source/HL_sys_dma.obj" "./source/HL_sys_intvecs.obj" "./source/HL_sys_mpu.obj" "./source/HL_sys_pcr.obj" "./source/HL_sys_phantom.obj" "./source/HL_sys_pmm.obj" "./source/HL_sys_pmu.obj" "./source/HL_sys_startup.obj" "./source/HL_sys_vim.obj" "./source/HL_system.obj" "./source/os_croutine.obj" "./source/os_event_groups.obj" "./source/os_heap.obj" "./source/os_list.obj" "./source/os_mpu_wrappers.obj" "./source/os_port.obj" "./source/os_portasm.obj" "./source/os_queue.obj" "./source/os_tasks.obj" "./source/os_timer.obj" "../source/HL_sys_link.cmd"  -llibc.a 
<Linking>
Finished building target: "test.out"
 

**** Build Finished ****

**** Build of configuration Debug for project test ****

"C:\\ti\\ccs1281\\ccs\\utils\\bin\\gmake" -k -j 12 all -O 
 
gmake[1]: 'test.out' is up to date.

**** Build Finished ****

**** Build of configuration Debug for project test ****

"C:\\ti\\ccs1281\\ccs\\utils\\bin\\gmake" -k -j 12 all -O 
 
Building file: "../components/fw_dio/fw_dio.c"
Invoking: Arm Compiler
"C:/ti/ccs1281/ccs/tools/compiler/ti-cgt-arm_20.2.7.LTS/bin/armcl" -mv7R5 --code_state=32 --float_support=VFPv3D16 --include_path="C:/Users/npyla/Documents/_dev/_embedded/ws_test/test/include" --include_path="C:/Users/npyla/Documents/_dev/_embedded/ws_test/test/components/fw_dio" --include_path="C:/Users/npyla/Documents/_dev/_embedded/ws_test/test/components/fw_globals" --include_path="C:/Users/npyla/Documents/_dev/_embedded/ws_test/test" --include_path="C:/ti/ccs1281/ccs/tools/compiler/ti-cgt-arm_20.2.7.LTS/include" -g --diag_warning=225 --diag_wrap=off --display_error_number --enum_type=packed --abi=eabi --preproc_with_compile --preproc_dependency="components/fw_dio/fw_dio.d_raw" --obj_directory="components/fw_dio"  "../components/fw_dio/fw_dio.c"
"..\components\fw_dio\fw_dio.h", line 109: warning #869-D: type qualifier on return type is meaningless
"..\components\fw_dio\fw_dio.h", line 110: warning #869-D: type qualifier on return type is meaningless
"../components/fw_dio/fw_dio.c", line 104: warning #225-D: function "gioSetBit" declared implicitly
"../components/fw_dio/fw_dio.c", line 122: warning #188-D: pointless comparison of unsigned integer with zero
"../components/fw_dio/fw_dio.c", line 127: warning #225-D: function "gioGetBit" declared implicitly
"../components/fw_dio/fw_dio.c", line 152: warning #869-D: type qualifier on return type is meaningless
"../components/fw_dio/fw_dio.c", line 225: warning #869-D: type qualifier on return type is meaningless
"../components/fw_dio/fw_dio.c", line 292: warning #145-D: a value of type "const S_DIO_OUTPUT_PIN_DEF *" cannot be used to initialize an entity of type "S_DIO_OUTPUT_PIN_DEF *"
Finished building: "../components/fw_dio/fw_dio.c"
 
Building target: "test.out"
Invoking: Arm Linker
"C:/ti/ccs1281/ccs/tools/compiler/ti-cgt-arm_20.2.7.LTS/bin/armcl" -mv7R5 --code_state=32 --float_support=VFPv3D16 -g --diag_warning=225 --diag_wrap=off --display_error_number --enum_type=packed --abi=eabi -z -m"test.map" --heap_size=0x800 --stack_size=0x800 -i"C:/ti/ccs1281/ccs/tools/compiler/ti-cgt-arm_20.2.7.LTS/lib" -i"C:/ti/ccs1281/ccs/tools/compiler/ti-cgt-arm_20.2.7.LTS/include" --reread_libs --diag_wrap=off --display_error_number --warn_sections --xml_link_info="test_linkInfo.xml" --rom_model --be32 -o "test.out" "./main.obj" "./components/fw_dio/fw_dio.obj" "./components/fw_globals/_svc.obj" "./components/fw_globals/fw_globals.obj" "./components/fw_globals/svc.obj" "./source/HL_epc.obj" "./source/HL_errata.obj" "./source/HL_errata_SSWF021_45.obj" "./source/HL_esm.obj" "./source/HL_gio.obj" "./source/HL_nmpu.obj" "./source/HL_notification.obj" "./source/HL_pinmux.obj" "./source/HL_sys_core.obj" "./source/HL_sys_dma.obj" "./source/HL_sys_intvecs.obj" "./source/HL_sys_mpu.obj" "./source/HL_sys_pcr.obj" "./source/HL_sys_phantom.obj" "./source/HL_sys_pmm.obj" "./source/HL_sys_pmu.obj" "./source/HL_sys_startup.obj" "./source/HL_sys_vim.obj" "./source/HL_system.obj" "./source/os_croutine.obj" "./source/os_event_groups.obj" "./source/os_heap.obj" "./source/os_list.obj" "./source/os_mpu_wrappers.obj" "./source/os_port.obj" "./source/os_portasm.obj" "./source/os_queue.obj" "./source/os_tasks.obj" "./source/os_timer.obj" "../source/HL_sys_link.cmd"  -llibc.a 
<Linking>
Finished building target: "test.out"
 

**** Build Finished ****

**** Build of configuration Debug for project test ****

"C:\\ti\\ccs1281\\ccs\\utils\\bin\\gmake" -k -j 12 all -O 
 
gmake[1]: 'test.out' is up to date.

**** Build Finished ****

**** Build of configuration Debug for project test ****

"C:\\ti\\ccs1281\\ccs\\utils\\bin\\gmake" -k -j 12 all -O 
 
gmake[1]: 'test.out' is up to date.

**** Build Finished ****

**** Build of configuration Debug for project test ****

"C:\\ti\\ccs1281\\ccs\\utils\\bin\\gmake" -k -j 12 all -O 
 
Building file: "../main.c"
Invoking: Arm Compiler
"C:/ti/ccs1281/ccs/tools/compiler/ti-cgt-arm_20.2.7.LTS/bin/armcl" -mv7R5 --code_state=32 --float_support=VFPv3D16 --include_path="C:/Users/npyla/Documents/_dev/_embedded/ws_test/test/include" --include_path="C:/Users/npyla/Documents/_dev/_embedded/ws_test/test/components/fw_dio" --include_path="C:/Users/npyla/Documents/_dev/_embedded/ws_test/test/components/fw_globals" --include_path="C:/Users/npyla/Documents/_dev/_embedded/ws_test/test" --include_path="C:/ti/ccs1281/ccs/tools/compiler/ti-cgt-arm_20.2.7.LTS/include" -g --diag_warning=225 --diag_wrap=off --display_error_number --enum_type=packed --abi=eabi --preproc_with_compile --preproc_dependency="main.d_raw"  "../main.c"
"C:/Users/npyla/Documents/_dev/_embedded/ws_test/test/components/fw_dio/fw_dio.h", line 109: warning #869-D: type qualifier on return type is meaningless
"C:/Users/npyla/Documents/_dev/_embedded/ws_test/test/components/fw_dio/fw_dio.h", line 110: warning #869-D: type qualifier on return type is meaningless
"../main.c", line 26: warning #225-D: function "toggle_output_pin" declared implicitly
Finished building: "../main.c"
 
Building target: "test.out"
Invoking: Arm Linker
"C:/ti/ccs1281/ccs/tools/compiler/ti-cgt-arm_20.2.7.LTS/bin/armcl" -mv7R5 --code_state=32 --float_support=VFPv3D16 -g --diag_warning=225 --diag_wrap=off --display_error_number --enum_type=packed --abi=eabi -z -m"test.map" --heap_size=0x800 --stack_size=0x800 -i"C:/ti/ccs1281/ccs/tools/compiler/ti-cgt-arm_20.2.7.LTS/lib" -i"C:/ti/ccs1281/ccs/tools/compiler/ti-cgt-arm_20.2.7.LTS/include" --reread_libs --diag_wrap=off --display_error_number --warn_sections --xml_link_info="test_linkInfo.xml" --rom_model --be32 -o "test.out" "./main.obj" "./components/fw_dio/fw_dio.obj" "./components/fw_globals/_svc.obj" "./components/fw_globals/fw_globals.obj" "./components/fw_globals/svc.obj" "./source/HL_epc.obj" "./source/HL_errata.obj" "./source/HL_errata_SSWF021_45.obj" "./source/HL_esm.obj" "./source/HL_gio.obj" "./source/HL_nmpu.obj" "./source/HL_notification.obj" "./source/HL_pinmux.obj" "./source/HL_sys_core.obj" "./source/HL_sys_dma.obj" "./source/HL_sys_intvecs.obj" "./source/HL_sys_mpu.obj" "./source/HL_sys_pcr.obj" "./source/HL_sys_phantom.obj" "./source/HL_sys_pmm.obj" "./source/HL_sys_pmu.obj" "./source/HL_sys_startup.obj" "./source/HL_sys_vim.obj" "./source/HL_system.obj" "./source/os_croutine.obj" "./source/os_event_groups.obj" "./source/os_heap.obj" "./source/os_list.obj" "./source/os_mpu_wrappers.obj" "./source/os_port.obj" "./source/os_portasm.obj" "./source/os_queue.obj" "./source/os_tasks.obj" "./source/os_timer.obj" "../source/HL_sys_link.cmd"  -llibc.a 
<Linking>
Finished building target: "test.out"
 

**** Build Finished ****

**** Build of configuration Debug for project test ****

"C:\\ti\\ccs1281\\ccs\\utils\\bin\\gmake" -k -j 12 all -O 
 
gmake[1]: 'test.out' is up to date.

**** Build Finished ****

**** Build of configuration Debug for project test ****

"C:\\ti\\ccs1281\\ccs\\utils\\bin\\gmake" -k -j 12 all -O 
 
gmake[1]: 'test.out' is up to date.

**** Build Finished ****

**** Build of configuration Debug for project test ****

"C:\\ti\\ccs1281\\ccs\\utils\\bin\\gmake" -k -j 12 all -O 
 
gmake[1]: 'test.out' is up to date.

**** Build Finished ****
